
*** Running vivado
    with args -log stopwatch.vds -m64 -mode batch -messageDb vivado.pb -notrace -source stopwatch.tcl


****** Vivado v2016.2 (64-bit)
  **** SW Build 1577090 on Thu Jun  2 16:32:40 MDT 2016
  **** IP Build 1577682 on Fri Jun  3 12:00:54 MDT 2016
    ** Copyright 1986-2016 Xilinx, Inc. All Rights Reserved.

source stopwatch.tcl -notrace
Command: synth_design -top stopwatch -part xc7a35tcpg236-1
Starting synth_design
Attempting to get a license for feature 'Synthesis' and/or device 'xc7a35t'
INFO: [Common 17-349] Got license for feature 'Synthesis' and/or device 'xc7a35t'
INFO: Launching helper process for spawning children vivado processes
INFO: Helper process launched with PID 16540 
---------------------------------------------------------------------------------
Starting RTL Elaboration : Time (s): cpu = 00:00:05 ; elapsed = 00:00:07 . Memory (MB): peak = 274.004 ; gain = 67.262
---------------------------------------------------------------------------------
INFO: [Synth 8-638] synthesizing module 'stopwatch' [C:/Users/Alvin/Documents/LogicDesignLabMonday/lab5_1_3_105033110_ver1/lab5_1_3_105033110_ver1.srcs/sources_1/new/stopwatch.v:3]
INFO: [Synth 8-638] synthesizing module 'clock_generator' [C:/Users/Alvin/Documents/LogicDesignLabMonday/lab5_1_3_105033110_ver1/lab5_1_3_105033110_ver1.srcs/sources_1/new/clock_generator.v:3]
INFO: [Synth 8-256] done synthesizing module 'clock_generator' (1#1) [C:/Users/Alvin/Documents/LogicDesignLabMonday/lab5_1_3_105033110_ver1/lab5_1_3_105033110_ver1.srcs/sources_1/new/clock_generator.v:3]
INFO: [Synth 8-638] synthesizing module 'debounce_circuit' [C:/Users/Alvin/Documents/LogicDesignLabMonday/lab5_1_3_105033110_ver1/lab5_1_3_105033110_ver1.srcs/sources_1/new/debounce_circuit.v:3]
INFO: [Synth 8-256] done synthesizing module 'debounce_circuit' (2#1) [C:/Users/Alvin/Documents/LogicDesignLabMonday/lab5_1_3_105033110_ver1/lab5_1_3_105033110_ver1.srcs/sources_1/new/debounce_circuit.v:3]
INFO: [Synth 8-638] synthesizing module 'one_pulse' [C:/Users/Alvin/Documents/LogicDesignLabMonday/lab5_1_3_105033110_ver1/lab5_1_3_105033110_ver1.srcs/sources_1/new/one_pulse.v:3]
INFO: [Synth 8-256] done synthesizing module 'one_pulse' (3#1) [C:/Users/Alvin/Documents/LogicDesignLabMonday/lab5_1_3_105033110_ver1/lab5_1_3_105033110_ver1.srcs/sources_1/new/one_pulse.v:3]
INFO: [Synth 8-638] synthesizing module 'fsm' [C:/Users/Alvin/Documents/LogicDesignLabMonday/lab5_1_3_105033110_ver1/lab5_1_3_105033110_ver1.srcs/sources_1/new/fsm.v:3]
INFO: [Synth 8-226] default block is never used [C:/Users/Alvin/Documents/LogicDesignLabMonday/lab5_1_3_105033110_ver1/lab5_1_3_105033110_ver1.srcs/sources_1/new/fsm.v:21]
INFO: [Synth 8-256] done synthesizing module 'fsm' (4#1) [C:/Users/Alvin/Documents/LogicDesignLabMonday/lab5_1_3_105033110_ver1/lab5_1_3_105033110_ver1.srcs/sources_1/new/fsm.v:3]
INFO: [Synth 8-638] synthesizing module 'downcounter_2d' [C:/Users/Alvin/Documents/LogicDesignLabMonday/lab5_1_3_105033110_ver1/lab5_1_3_105033110_ver1.srcs/sources_1/new/downcounter_2d.v:3]
INFO: [Synth 8-638] synthesizing module 'downcounter' [C:/Users/Alvin/Documents/LogicDesignLabMonday/lab5_1_3_105033110_ver1/lab5_1_3_105033110_ver1.srcs/sources_1/new/downcounter.v:3]
WARNING: [Synth 8-5788] Register value_reg in module downcounter is has both Set and reset with same priority. This may cause simulation mismatches. Consider rewriting code  [C:/Users/Alvin/Documents/LogicDesignLabMonday/lab5_1_3_105033110_ver1/lab5_1_3_105033110_ver1.srcs/sources_1/new/downcounter.v:48]
INFO: [Synth 8-256] done synthesizing module 'downcounter' (5#1) [C:/Users/Alvin/Documents/LogicDesignLabMonday/lab5_1_3_105033110_ver1/lab5_1_3_105033110_ver1.srcs/sources_1/new/downcounter.v:3]
INFO: [Synth 8-256] done synthesizing module 'downcounter_2d' (6#1) [C:/Users/Alvin/Documents/LogicDesignLabMonday/lab5_1_3_105033110_ver1/lab5_1_3_105033110_ver1.srcs/sources_1/new/downcounter_2d.v:3]
INFO: [Synth 8-638] synthesizing module 'all_led' [C:/Users/Alvin/Documents/LogicDesignLabMonday/lab5_1_3_105033110_ver1/lab5_1_3_105033110_ver1.srcs/sources_1/new/all_led.v:3]
INFO: [Synth 8-256] done synthesizing module 'all_led' (7#1) [C:/Users/Alvin/Documents/LogicDesignLabMonday/lab5_1_3_105033110_ver1/lab5_1_3_105033110_ver1.srcs/sources_1/new/all_led.v:3]
INFO: [Synth 8-638] synthesizing module 'scan_ctl' [C:/Users/Alvin/Documents/LogicDesignLabMonday/lab5_1_3_105033110_ver1/lab5_1_3_105033110_ver1.srcs/sources_1/new/scan_ctl.v:3]
INFO: [Synth 8-226] default block is never used [C:/Users/Alvin/Documents/LogicDesignLabMonday/lab5_1_3_105033110_ver1/lab5_1_3_105033110_ver1.srcs/sources_1/new/scan_ctl.v:23]
WARNING: [Synth 8-567] referenced signal 'in3' should be on the sensitivity list [C:/Users/Alvin/Documents/LogicDesignLabMonday/lab5_1_3_105033110_ver1/lab5_1_3_105033110_ver1.srcs/sources_1/new/scan_ctl.v:22]
WARNING: [Synth 8-567] referenced signal 'in2' should be on the sensitivity list [C:/Users/Alvin/Documents/LogicDesignLabMonday/lab5_1_3_105033110_ver1/lab5_1_3_105033110_ver1.srcs/sources_1/new/scan_ctl.v:22]
WARNING: [Synth 8-567] referenced signal 'in1' should be on the sensitivity list [C:/Users/Alvin/Documents/LogicDesignLabMonday/lab5_1_3_105033110_ver1/lab5_1_3_105033110_ver1.srcs/sources_1/new/scan_ctl.v:22]
WARNING: [Synth 8-567] referenced signal 'in0' should be on the sensitivity list [C:/Users/Alvin/Documents/LogicDesignLabMonday/lab5_1_3_105033110_ver1/lab5_1_3_105033110_ver1.srcs/sources_1/new/scan_ctl.v:22]
INFO: [Synth 8-256] done synthesizing module 'scan_ctl' (8#1) [C:/Users/Alvin/Documents/LogicDesignLabMonday/lab5_1_3_105033110_ver1/lab5_1_3_105033110_ver1.srcs/sources_1/new/scan_ctl.v:3]
INFO: [Synth 8-638] synthesizing module 'display' [C:/Users/Alvin/Documents/LogicDesignLabMonday/lab5_1_3_105033110_ver1/lab5_1_3_105033110_ver1.srcs/sources_1/new/display.v:3]
INFO: [Synth 8-256] done synthesizing module 'display' (9#1) [C:/Users/Alvin/Documents/LogicDesignLabMonday/lab5_1_3_105033110_ver1/lab5_1_3_105033110_ver1.srcs/sources_1/new/display.v:3]
INFO: [Synth 8-256] done synthesizing module 'stopwatch' (10#1) [C:/Users/Alvin/Documents/LogicDesignLabMonday/lab5_1_3_105033110_ver1/lab5_1_3_105033110_ver1.srcs/sources_1/new/stopwatch.v:3]
---------------------------------------------------------------------------------
Finished RTL Elaboration : Time (s): cpu = 00:00:06 ; elapsed = 00:00:08 . Memory (MB): peak = 310.445 ; gain = 103.703
---------------------------------------------------------------------------------

Report Check Netlist: 
+------+------------------+-------+---------+-------+------------------+
|      |Item              |Errors |Warnings |Status |Description       |
+------+------------------+-------+---------+-------+------------------+
|1     |multi_driven_nets |      0|        0|Passed |Multi driven nets |
+------+------------------+-------+---------+-------+------------------+
---------------------------------------------------------------------------------
Finished RTL Optimization Phase 1 : Time (s): cpu = 00:00:06 ; elapsed = 00:00:08 . Memory (MB): peak = 310.445 ; gain = 103.703
---------------------------------------------------------------------------------
INFO: [Device 21-403] Loading part xc7a35tcpg236-1
INFO: [Project 1-570] Preparing netlist for logic optimization

Processing XDC Constraints
Initializing timing engine
Parsing XDC File [C:/Users/Alvin/Documents/LogicDesignLabMonday/lab5_1_3_105033110_ver1/lab5_1_3_105033110_ver1.srcs/constrs_1/new/stopwatch.xdc]
Finished Parsing XDC File [C:/Users/Alvin/Documents/LogicDesignLabMonday/lab5_1_3_105033110_ver1/lab5_1_3_105033110_ver1.srcs/constrs_1/new/stopwatch.xdc]
INFO: [Project 1-236] Implementation specific constraints were found while reading constraint file [C:/Users/Alvin/Documents/LogicDesignLabMonday/lab5_1_3_105033110_ver1/lab5_1_3_105033110_ver1.srcs/constrs_1/new/stopwatch.xdc]. These constraints will be ignored for synthesis but will be used in implementation. Impacted constraints are listed in the file [.Xil/stopwatch_propImpl.xdc].
Resolution: To avoid this warning, move constraints listed in [.Xil/stopwatch_propImpl.xdc] to another XDC file and exclude this new file from synthesis with the used_in_synthesis property (File Properties dialog in GUI) and re-run elaboration/synthesis.
Completed Processing XDC Constraints

INFO: [Project 1-111] Unisim Transformation Summary:
No Unisim elements were transformed.

Constraint Validation Runtime : Time (s): cpu = 00:00:00 ; elapsed = 00:00:00.004 . Memory (MB): peak = 594.469 ; gain = 0.000
---------------------------------------------------------------------------------
Finished Constraint Validation : Time (s): cpu = 00:00:16 ; elapsed = 00:00:20 . Memory (MB): peak = 594.469 ; gain = 387.727
---------------------------------------------------------------------------------
---------------------------------------------------------------------------------
Start Loading Part and Timing Information
---------------------------------------------------------------------------------
Loading part: xc7a35tcpg236-1
---------------------------------------------------------------------------------
Finished Loading Part and Timing Information : Time (s): cpu = 00:00:16 ; elapsed = 00:00:20 . Memory (MB): peak = 594.469 ; gain = 387.727
---------------------------------------------------------------------------------
---------------------------------------------------------------------------------
Start Applying 'set_property' XDC Constraints
---------------------------------------------------------------------------------
---------------------------------------------------------------------------------
Finished applying 'set_property' XDC Constraints : Time (s): cpu = 00:00:16 ; elapsed = 00:00:20 . Memory (MB): peak = 594.469 ; gain = 387.727
---------------------------------------------------------------------------------
INFO: [Synth 8-5545] ROM "clk_100_next" won't be mapped to RAM because address size (26) is larger than maximum supported(25)
INFO: [Synth 8-5545] ROM "clk_1_next" won't be mapped to RAM because address size (26) is larger than maximum supported(25)
INFO: [Synth 8-5544] ROM "pb_debounced_next" won't be mapped to Block RAM because address size (4) smaller than threshold (5)
---------------------------------------------------------------------------------
Finished RTL Optimization Phase 2 : Time (s): cpu = 00:00:16 ; elapsed = 00:00:20 . Memory (MB): peak = 594.469 ; gain = 387.727
---------------------------------------------------------------------------------

Report RTL Partitions: 
+-+--------------+------------+----------+
| |RTL Partition |Replication |Instances |
+-+--------------+------------+----------+
+-+--------------+------------+----------+
---------------------------------------------------------------------------------
Start RTL Component Statistics 
---------------------------------------------------------------------------------
Detailed RTL Component Info : 
+---Adders : 
	   2 Input     26 Bit       Adders := 2     
	   2 Input     17 Bit       Adders := 1     
	   2 Input      4 Bit       Adders := 2     
+---Registers : 
	               26 Bit    Registers := 2     
	               15 Bit    Registers := 1     
	                4 Bit    Registers := 3     
	                2 Bit    Registers := 1     
	                1 Bit    Registers := 6     
+---Muxes : 
	   2 Input     26 Bit        Muxes := 2     
	  11 Input      8 Bit        Muxes := 1     
	   2 Input      4 Bit        Muxes := 6     
	   4 Input      4 Bit        Muxes := 2     
	   2 Input      1 Bit        Muxes := 6     
---------------------------------------------------------------------------------
Finished RTL Component Statistics 
---------------------------------------------------------------------------------
---------------------------------------------------------------------------------
Start RTL Hierarchical Component Statistics 
---------------------------------------------------------------------------------
Hierarchical RTL Component report 
Module clock_generator 
Detailed RTL Component Info : 
+---Adders : 
	   2 Input     26 Bit       Adders := 2     
	   2 Input     17 Bit       Adders := 1     
+---Registers : 
	               26 Bit    Registers := 2     
	               15 Bit    Registers := 1     
	                2 Bit    Registers := 1     
	                1 Bit    Registers := 2     
+---Muxes : 
	   2 Input     26 Bit        Muxes := 2     
	   2 Input      1 Bit        Muxes := 2     
Module debounce_circuit 
Detailed RTL Component Info : 
+---Registers : 
	                4 Bit    Registers := 1     
	                1 Bit    Registers := 1     
+---Muxes : 
	   2 Input      1 Bit        Muxes := 1     
Module one_pulse 
Detailed RTL Component Info : 
+---Registers : 
	                1 Bit    Registers := 2     
Module fsm 
Detailed RTL Component Info : 
+---Registers : 
	                1 Bit    Registers := 1     
+---Muxes : 
	   2 Input      1 Bit        Muxes := 1     
Module downcounter 
Detailed RTL Component Info : 
+---Adders : 
	   2 Input      4 Bit       Adders := 1     
+---Registers : 
	                4 Bit    Registers := 1     
+---Muxes : 
	   2 Input      4 Bit        Muxes := 3     
	   2 Input      1 Bit        Muxes := 1     
Module scan_ctl 
Detailed RTL Component Info : 
+---Muxes : 
	   4 Input      4 Bit        Muxes := 2     
Module display 
Detailed RTL Component Info : 
+---Muxes : 
	  11 Input      8 Bit        Muxes := 1     
---------------------------------------------------------------------------------
Finished RTL Hierarchical Component Statistics
---------------------------------------------------------------------------------
---------------------------------------------------------------------------------
Start Part Resource Summary
---------------------------------------------------------------------------------
Part Resources:
DSPs: 90 (col length:60)
BRAMs: 100 (col length: RAMB18 60 RAMB36 30)
---------------------------------------------------------------------------------
Finished Part Resource Summary
---------------------------------------------------------------------------------
Start Parallel Synthesis Optimization  : Time (s): cpu = 00:00:17 ; elapsed = 00:00:20 . Memory (MB): peak = 594.469 ; gain = 387.727
---------------------------------------------------------------------------------
Start Cross Boundary Optimization
---------------------------------------------------------------------------------
INFO: [Synth 8-5545] ROM "U_CG/clk_100_next" won't be mapped to RAM because address size (26) is larger than maximum supported(25)
INFO: [Synth 8-5545] ROM "U_CG/clk_1_next" won't be mapped to RAM because address size (26) is larger than maximum supported(25)
WARNING: [Synth 8-3917] design stopwatch has port segs[0] driven by constant 1
---------------------------------------------------------------------------------
Finished Cross Boundary Optimization : Time (s): cpu = 00:00:17 ; elapsed = 00:00:21 . Memory (MB): peak = 594.469 ; gain = 387.727
---------------------------------------------------------------------------------
Finished Parallel Reinference  : Time (s): cpu = 00:00:17 ; elapsed = 00:00:21 . Memory (MB): peak = 594.469 ; gain = 387.727

Report RTL Partitions: 
+-+--------------+------------+----------+
| |RTL Partition |Replication |Instances |
+-+--------------+------------+----------+
+-+--------------+------------+----------+
---------------------------------------------------------------------------------
Start Area Optimization
---------------------------------------------------------------------------------
---------------------------------------------------------------------------------
Finished Area Optimization : Time (s): cpu = 00:00:17 ; elapsed = 00:00:21 . Memory (MB): peak = 594.469 ; gain = 387.727
---------------------------------------------------------------------------------
Finished Parallel Area Optimization  : Time (s): cpu = 00:00:17 ; elapsed = 00:00:21 . Memory (MB): peak = 594.469 ; gain = 387.727

Report RTL Partitions: 
+-+--------------+------------+----------+
| |RTL Partition |Replication |Instances |
+-+--------------+------------+----------+
+-+--------------+------------+----------+
---------------------------------------------------------------------------------
Start Timing Optimization
---------------------------------------------------------------------------------
---------------------------------------------------------------------------------
Start Applying XDC Timing Constraints
---------------------------------------------------------------------------------
---------------------------------------------------------------------------------
Finished Applying XDC Timing Constraints : Time (s): cpu = 00:00:28 ; elapsed = 00:00:32 . Memory (MB): peak = 594.469 ; gain = 387.727
---------------------------------------------------------------------------------
---------------------------------------------------------------------------------
Finished Timing Optimization : Time (s): cpu = 00:00:28 ; elapsed = 00:00:32 . Memory (MB): peak = 594.469 ; gain = 387.727
---------------------------------------------------------------------------------

Report RTL Partitions: 
+-+--------------+------------+----------+
| |RTL Partition |Replication |Instances |
+-+--------------+------------+----------+
+-+--------------+------------+----------+
---------------------------------------------------------------------------------
Start Technology Mapping
---------------------------------------------------------------------------------
---------------------------------------------------------------------------------
Finished Technology Mapping : Time (s): cpu = 00:00:28 ; elapsed = 00:00:32 . Memory (MB): peak = 594.469 ; gain = 387.727
---------------------------------------------------------------------------------
Finished Parallel Technology Mapping Optimization  : Time (s): cpu = 00:00:28 ; elapsed = 00:00:32 . Memory (MB): peak = 594.469 ; gain = 387.727

Report RTL Partitions: 
+-+--------------+------------+----------+
| |RTL Partition |Replication |Instances |
+-+--------------+------------+----------+
+-+--------------+------------+----------+
Finished Parallel Synthesis Optimization  : Time (s): cpu = 00:00:28 ; elapsed = 00:00:32 . Memory (MB): peak = 594.469 ; gain = 387.727
---------------------------------------------------------------------------------
Start IO Insertion
---------------------------------------------------------------------------------
---------------------------------------------------------------------------------
Start Flattening Before IO Insertion
---------------------------------------------------------------------------------
---------------------------------------------------------------------------------
Finished Flattening Before IO Insertion
---------------------------------------------------------------------------------
---------------------------------------------------------------------------------
Start Final Netlist Cleanup
---------------------------------------------------------------------------------
---------------------------------------------------------------------------------
Finished Final Netlist Cleanup
---------------------------------------------------------------------------------
---------------------------------------------------------------------------------
Finished IO Insertion : Time (s): cpu = 00:00:29 ; elapsed = 00:00:33 . Memory (MB): peak = 594.469 ; gain = 387.727
---------------------------------------------------------------------------------

Report Check Netlist: 
+------+------------------+-------+---------+-------+------------------+
|      |Item              |Errors |Warnings |Status |Description       |
+------+------------------+-------+---------+-------+------------------+
|1     |multi_driven_nets |      0|        0|Passed |Multi driven nets |
+------+------------------+-------+---------+-------+------------------+
---------------------------------------------------------------------------------
Start Renaming Generated Instances
---------------------------------------------------------------------------------
---------------------------------------------------------------------------------
Finished Renaming Generated Instances : Time (s): cpu = 00:00:29 ; elapsed = 00:00:33 . Memory (MB): peak = 594.469 ; gain = 387.727
---------------------------------------------------------------------------------

Report RTL Partitions: 
+-+--------------+------------+----------+
| |RTL Partition |Replication |Instances |
+-+--------------+------------+----------+
+-+--------------+------------+----------+
---------------------------------------------------------------------------------
Start Rebuilding User Hierarchy
---------------------------------------------------------------------------------
---------------------------------------------------------------------------------
Finished Rebuilding User Hierarchy : Time (s): cpu = 00:00:29 ; elapsed = 00:00:33 . Memory (MB): peak = 594.469 ; gain = 387.727
---------------------------------------------------------------------------------
---------------------------------------------------------------------------------
Start Renaming Generated Ports
---------------------------------------------------------------------------------
---------------------------------------------------------------------------------
Finished Renaming Generated Ports : Time (s): cpu = 00:00:29 ; elapsed = 00:00:33 . Memory (MB): peak = 594.469 ; gain = 387.727
---------------------------------------------------------------------------------
---------------------------------------------------------------------------------
Start Handling Custom Attributes
---------------------------------------------------------------------------------
---------------------------------------------------------------------------------
Finished Handling Custom Attributes : Time (s): cpu = 00:00:29 ; elapsed = 00:00:33 . Memory (MB): peak = 594.469 ; gain = 387.727
---------------------------------------------------------------------------------
---------------------------------------------------------------------------------
Start Renaming Generated Nets
---------------------------------------------------------------------------------
---------------------------------------------------------------------------------
Finished Renaming Generated Nets : Time (s): cpu = 00:00:29 ; elapsed = 00:00:33 . Memory (MB): peak = 594.469 ; gain = 387.727
---------------------------------------------------------------------------------
---------------------------------------------------------------------------------
Start Writing Synthesis Report
---------------------------------------------------------------------------------

Report BlackBoxes: 
+-+--------------+----------+
| |BlackBox name |Instances |
+-+--------------+----------+
+-+--------------+----------+

Report Cell Usage: 
+------+-------+------+
|      |Cell   |Count |
+------+-------+------+
|1     |BUFG   |     1|
|2     |CARRY4 |    18|
|3     |LUT1   |    71|
|4     |LUT2   |    59|
|5     |LUT3   |     2|
|6     |LUT4   |    26|
|7     |LUT5   |     2|
|8     |LUT6   |     6|
|9     |FDCE   |    85|
|10    |FDPE   |     2|
|11    |IBUF   |     3|
|12    |OBUF   |    28|
+------+-------+------+

Report Instance Areas: 
+------+---------+-----------------+------+
|      |Instance |Module           |Cells |
+------+---------+-----------------+------+
|1     |top      |                 |   303|
|2     |  U_CG   |clock_generator  |   228|
|3     |  U_DC   |debounce_circuit |     7|
|4     |  U_FSM  |fsm              |     1|
|5     |  U_OP   |one_pulse        |     4|
|6     |  U_sw   |downcounter_2d   |    31|
|7     |    Udc0 |downcounter      |    11|
|8     |    Udc1 |downcounter_0    |    20|
+------+---------+-----------------+------+
---------------------------------------------------------------------------------
Finished Writing Synthesis Report : Time (s): cpu = 00:00:29 ; elapsed = 00:00:33 . Memory (MB): peak = 594.469 ; gain = 387.727
---------------------------------------------------------------------------------
Synthesis finished with 0 errors, 0 critical warnings and 1 warnings.
Synthesis Optimization Runtime : Time (s): cpu = 00:00:17 ; elapsed = 00:00:22 . Memory (MB): peak = 594.469 ; gain = 103.703
Synthesis Optimization Complete : Time (s): cpu = 00:00:29 ; elapsed = 00:00:33 . Memory (MB): peak = 594.469 ; gain = 387.727
INFO: [Project 1-571] Translating synthesized netlist
INFO: [Netlist 29-17] Analyzing 21 Unisim elements for replacement
INFO: [Netlist 29-28] Unisim Transformation completed in 0 CPU seconds
INFO: [Project 1-570] Preparing netlist for logic optimization
INFO: [Opt 31-138] Pushed 0 inverter(s) to 0 load pin(s).
INFO: [Project 1-111] Unisim Transformation Summary:
No Unisim elements were transformed.

INFO: [Common 17-83] Releasing license: Synthesis
39 Infos, 6 Warnings, 0 Critical Warnings and 0 Errors encountered.
synth_design completed successfully
synth_design: Time (s): cpu = 00:00:28 ; elapsed = 00:00:30 . Memory (MB): peak = 594.469 ; gain = 387.727
report_utilization: Time (s): cpu = 00:00:00 ; elapsed = 00:00:00.017 . Memory (MB): peak = 594.469 ; gain = 0.000
INFO: [Common 17-206] Exiting Vivado at Fri Apr 17 06:11:54 2020...
