
*** Running vivado
    with args -log electronic_organ.vds -m64 -mode batch -messageDb vivado.pb -notrace -source electronic_organ.tcl


****** Vivado v2016.2 (64-bit)
  **** SW Build 1577090 on Thu Jun  2 16:32:40 MDT 2016
  **** IP Build 1577682 on Fri Jun  3 12:00:54 MDT 2016
    ** Copyright 1986-2016 Xilinx, Inc. All Rights Reserved.

source electronic_organ.tcl -notrace
Command: synth_design -top electronic_organ -part xc7a35tcpg236-1
Starting synth_design
Attempting to get a license for feature 'Synthesis' and/or device 'xc7a35t'
INFO: [Common 17-349] Got license for feature 'Synthesis' and/or device 'xc7a35t'
INFO: Launching helper process for spawning children vivado processes
INFO: Helper process launched with PID 21312 
WARNING: [Synth 8-2507] parameter declaration becomes local in Ps2Interface with formal parameter declaration list [C:/Users/Alvin/Documents/LogicDesignLabMonday/lab10_2_105033110_ver1/lab10_2_105033110_ver1.srcs/sources_1/new/Ps2Interface.v:191]
WARNING: [Synth 8-2507] parameter declaration becomes local in Ps2Interface with formal parameter declaration list [C:/Users/Alvin/Documents/LogicDesignLabMonday/lab10_2_105033110_ver1/lab10_2_105033110_ver1.srcs/sources_1/new/Ps2Interface.v:192]
WARNING: [Synth 8-2507] parameter declaration becomes local in Ps2Interface with formal parameter declaration list [C:/Users/Alvin/Documents/LogicDesignLabMonday/lab10_2_105033110_ver1/lab10_2_105033110_ver1.srcs/sources_1/new/Ps2Interface.v:193]
WARNING: [Synth 8-2507] parameter declaration becomes local in Ps2Interface with formal parameter declaration list [C:/Users/Alvin/Documents/LogicDesignLabMonday/lab10_2_105033110_ver1/lab10_2_105033110_ver1.srcs/sources_1/new/Ps2Interface.v:194]
WARNING: [Synth 8-2507] parameter declaration becomes local in Ps2Interface with formal parameter declaration list [C:/Users/Alvin/Documents/LogicDesignLabMonday/lab10_2_105033110_ver1/lab10_2_105033110_ver1.srcs/sources_1/new/Ps2Interface.v:229]
WARNING: [Synth 8-2507] parameter declaration becomes local in Ps2Interface with formal parameter declaration list [C:/Users/Alvin/Documents/LogicDesignLabMonday/lab10_2_105033110_ver1/lab10_2_105033110_ver1.srcs/sources_1/new/Ps2Interface.v:231]
WARNING: [Synth 8-2507] parameter declaration becomes local in Ps2Interface with formal parameter declaration list [C:/Users/Alvin/Documents/LogicDesignLabMonday/lab10_2_105033110_ver1/lab10_2_105033110_ver1.srcs/sources_1/new/Ps2Interface.v:232]
WARNING: [Synth 8-2507] parameter declaration becomes local in Ps2Interface with formal parameter declaration list [C:/Users/Alvin/Documents/LogicDesignLabMonday/lab10_2_105033110_ver1/lab10_2_105033110_ver1.srcs/sources_1/new/Ps2Interface.v:233]
WARNING: [Synth 8-2507] parameter declaration becomes local in Ps2Interface with formal parameter declaration list [C:/Users/Alvin/Documents/LogicDesignLabMonday/lab10_2_105033110_ver1/lab10_2_105033110_ver1.srcs/sources_1/new/Ps2Interface.v:234]
WARNING: [Synth 8-2507] parameter declaration becomes local in Ps2Interface with formal parameter declaration list [C:/Users/Alvin/Documents/LogicDesignLabMonday/lab10_2_105033110_ver1/lab10_2_105033110_ver1.srcs/sources_1/new/Ps2Interface.v:235]
WARNING: [Synth 8-2507] parameter declaration becomes local in Ps2Interface with formal parameter declaration list [C:/Users/Alvin/Documents/LogicDesignLabMonday/lab10_2_105033110_ver1/lab10_2_105033110_ver1.srcs/sources_1/new/Ps2Interface.v:236]
WARNING: [Synth 8-2507] parameter declaration becomes local in Ps2Interface with formal parameter declaration list [C:/Users/Alvin/Documents/LogicDesignLabMonday/lab10_2_105033110_ver1/lab10_2_105033110_ver1.srcs/sources_1/new/Ps2Interface.v:237]
WARNING: [Synth 8-2507] parameter declaration becomes local in Ps2Interface with formal parameter declaration list [C:/Users/Alvin/Documents/LogicDesignLabMonday/lab10_2_105033110_ver1/lab10_2_105033110_ver1.srcs/sources_1/new/Ps2Interface.v:238]
WARNING: [Synth 8-2507] parameter declaration becomes local in Ps2Interface with formal parameter declaration list [C:/Users/Alvin/Documents/LogicDesignLabMonday/lab10_2_105033110_ver1/lab10_2_105033110_ver1.srcs/sources_1/new/Ps2Interface.v:239]
WARNING: [Synth 8-2507] parameter declaration becomes local in Ps2Interface with formal parameter declaration list [C:/Users/Alvin/Documents/LogicDesignLabMonday/lab10_2_105033110_ver1/lab10_2_105033110_ver1.srcs/sources_1/new/Ps2Interface.v:240]
WARNING: [Synth 8-2507] parameter declaration becomes local in Ps2Interface with formal parameter declaration list [C:/Users/Alvin/Documents/LogicDesignLabMonday/lab10_2_105033110_ver1/lab10_2_105033110_ver1.srcs/sources_1/new/Ps2Interface.v:241]
WARNING: [Synth 8-2507] parameter declaration becomes local in Ps2Interface with formal parameter declaration list [C:/Users/Alvin/Documents/LogicDesignLabMonday/lab10_2_105033110_ver1/lab10_2_105033110_ver1.srcs/sources_1/new/Ps2Interface.v:242]
WARNING: [Synth 8-2507] parameter declaration becomes local in Ps2Interface with formal parameter declaration list [C:/Users/Alvin/Documents/LogicDesignLabMonday/lab10_2_105033110_ver1/lab10_2_105033110_ver1.srcs/sources_1/new/Ps2Interface.v:243]
WARNING: [Synth 8-2507] parameter declaration becomes local in Ps2Interface with formal parameter declaration list [C:/Users/Alvin/Documents/LogicDesignLabMonday/lab10_2_105033110_ver1/lab10_2_105033110_ver1.srcs/sources_1/new/Ps2Interface.v:244]
WARNING: [Synth 8-2507] parameter declaration becomes local in Ps2Interface with formal parameter declaration list [C:/Users/Alvin/Documents/LogicDesignLabMonday/lab10_2_105033110_ver1/lab10_2_105033110_ver1.srcs/sources_1/new/Ps2Interface.v:245]
WARNING: [Synth 8-2507] parameter declaration becomes local in KeyboardCtrl with formal parameter declaration list [C:/Users/Alvin/Documents/LogicDesignLabMonday/lab10_2_105033110_ver1/lab10_2_105033110_ver1.srcs/sources_1/new/KeyboardCtrl.v:18]
WARNING: [Synth 8-2507] parameter declaration becomes local in KeyboardCtrl with formal parameter declaration list [C:/Users/Alvin/Documents/LogicDesignLabMonday/lab10_2_105033110_ver1/lab10_2_105033110_ver1.srcs/sources_1/new/KeyboardCtrl.v:19]
WARNING: [Synth 8-2507] parameter declaration becomes local in KeyboardCtrl with formal parameter declaration list [C:/Users/Alvin/Documents/LogicDesignLabMonday/lab10_2_105033110_ver1/lab10_2_105033110_ver1.srcs/sources_1/new/KeyboardCtrl.v:20]
WARNING: [Synth 8-2507] parameter declaration becomes local in KeyboardCtrl with formal parameter declaration list [C:/Users/Alvin/Documents/LogicDesignLabMonday/lab10_2_105033110_ver1/lab10_2_105033110_ver1.srcs/sources_1/new/KeyboardCtrl.v:21]
WARNING: [Synth 8-2507] parameter declaration becomes local in KeyboardCtrl with formal parameter declaration list [C:/Users/Alvin/Documents/LogicDesignLabMonday/lab10_2_105033110_ver1/lab10_2_105033110_ver1.srcs/sources_1/new/KeyboardCtrl.v:22]
WARNING: [Synth 8-2507] parameter declaration becomes local in KeyboardCtrl with formal parameter declaration list [C:/Users/Alvin/Documents/LogicDesignLabMonday/lab10_2_105033110_ver1/lab10_2_105033110_ver1.srcs/sources_1/new/KeyboardCtrl.v:23]
WARNING: [Synth 8-2507] parameter declaration becomes local in KeyboardCtrl with formal parameter declaration list [C:/Users/Alvin/Documents/LogicDesignLabMonday/lab10_2_105033110_ver1/lab10_2_105033110_ver1.srcs/sources_1/new/KeyboardCtrl.v:24]
WARNING: [Synth 8-2507] parameter declaration becomes local in KeyboardCtrl with formal parameter declaration list [C:/Users/Alvin/Documents/LogicDesignLabMonday/lab10_2_105033110_ver1/lab10_2_105033110_ver1.srcs/sources_1/new/KeyboardCtrl.v:26]
WARNING: [Synth 8-2507] parameter declaration becomes local in KeyboardCtrl with formal parameter declaration list [C:/Users/Alvin/Documents/LogicDesignLabMonday/lab10_2_105033110_ver1/lab10_2_105033110_ver1.srcs/sources_1/new/KeyboardCtrl.v:27]
WARNING: [Synth 8-2507] parameter declaration becomes local in KeyboardCtrl with formal parameter declaration list [C:/Users/Alvin/Documents/LogicDesignLabMonday/lab10_2_105033110_ver1/lab10_2_105033110_ver1.srcs/sources_1/new/KeyboardCtrl.v:28]
WARNING: [Synth 8-2507] parameter declaration becomes local in KeyboardCtrl with formal parameter declaration list [C:/Users/Alvin/Documents/LogicDesignLabMonday/lab10_2_105033110_ver1/lab10_2_105033110_ver1.srcs/sources_1/new/KeyboardCtrl.v:29]
WARNING: [Synth 8-2507] parameter declaration becomes local in KeyboardCtrl with formal parameter declaration list [C:/Users/Alvin/Documents/LogicDesignLabMonday/lab10_2_105033110_ver1/lab10_2_105033110_ver1.srcs/sources_1/new/KeyboardCtrl.v:31]
WARNING: [Synth 8-2507] parameter declaration becomes local in KeyboardCtrl with formal parameter declaration list [C:/Users/Alvin/Documents/LogicDesignLabMonday/lab10_2_105033110_ver1/lab10_2_105033110_ver1.srcs/sources_1/new/KeyboardCtrl.v:32]
WARNING: [Synth 8-2507] parameter declaration becomes local in KeyboardCtrl with formal parameter declaration list [C:/Users/Alvin/Documents/LogicDesignLabMonday/lab10_2_105033110_ver1/lab10_2_105033110_ver1.srcs/sources_1/new/KeyboardCtrl.v:33]
WARNING: [Synth 8-2507] parameter declaration becomes local in KeyboardCtrl with formal parameter declaration list [C:/Users/Alvin/Documents/LogicDesignLabMonday/lab10_2_105033110_ver1/lab10_2_105033110_ver1.srcs/sources_1/new/KeyboardCtrl.v:34]
WARNING: [Synth 8-2507] parameter declaration becomes local in KeyboardCtrl with formal parameter declaration list [C:/Users/Alvin/Documents/LogicDesignLabMonday/lab10_2_105033110_ver1/lab10_2_105033110_ver1.srcs/sources_1/new/KeyboardCtrl.v:35]
---------------------------------------------------------------------------------
Starting RTL Elaboration : Time (s): cpu = 00:00:05 ; elapsed = 00:00:08 . Memory (MB): peak = 284.707 ; gain = 77.418
---------------------------------------------------------------------------------
INFO: [Synth 8-638] synthesizing module 'electronic_organ' [C:/Users/Alvin/Documents/LogicDesignLabMonday/lab10_2_105033110_ver1/lab10_2_105033110_ver1.srcs/sources_1/new/electronic_organ.v:2]
INFO: [Synth 8-638] synthesizing module 'clock_generator' [C:/Users/Alvin/Documents/LogicDesignLabMonday/lab10_2_105033110_ver1/lab10_2_105033110_ver1.srcs/sources_1/new/clock_generator.v:2]
INFO: [Synth 8-256] done synthesizing module 'clock_generator' (1#1) [C:/Users/Alvin/Documents/LogicDesignLabMonday/lab10_2_105033110_ver1/lab10_2_105033110_ver1.srcs/sources_1/new/clock_generator.v:2]
INFO: [Synth 8-638] synthesizing module 'DoReMi' [C:/Users/Alvin/Documents/LogicDesignLabMonday/lab10_2_105033110_ver1/lab10_2_105033110_ver1.srcs/sources_1/new/DoReMi.v:2]
INFO: [Synth 8-155] case statement is not full and has no default [C:/Users/Alvin/Documents/LogicDesignLabMonday/lab10_2_105033110_ver1/lab10_2_105033110_ver1.srcs/sources_1/new/DoReMi.v:12]
INFO: [Synth 8-256] done synthesizing module 'DoReMi' (2#1) [C:/Users/Alvin/Documents/LogicDesignLabMonday/lab10_2_105033110_ver1/lab10_2_105033110_ver1.srcs/sources_1/new/DoReMi.v:2]
INFO: [Synth 8-638] synthesizing module 'buzzer_control' [C:/Users/Alvin/Documents/LogicDesignLabMonday/lab10_2_105033110_ver1/lab10_2_105033110_ver1.srcs/sources_1/new/buzzer_control.v:2]
INFO: [Synth 8-256] done synthesizing module 'buzzer_control' (3#1) [C:/Users/Alvin/Documents/LogicDesignLabMonday/lab10_2_105033110_ver1/lab10_2_105033110_ver1.srcs/sources_1/new/buzzer_control.v:2]
INFO: [Synth 8-638] synthesizing module 'speaker_control' [C:/Users/Alvin/Documents/LogicDesignLabMonday/lab10_2_105033110_ver1/lab10_2_105033110_ver1.srcs/sources_1/new/speaker_control.v:2]
INFO: [Synth 8-226] default block is never used [C:/Users/Alvin/Documents/LogicDesignLabMonday/lab10_2_105033110_ver1/lab10_2_105033110_ver1.srcs/sources_1/new/speaker_control.v:60]
INFO: [Synth 8-256] done synthesizing module 'speaker_control' (4#1) [C:/Users/Alvin/Documents/LogicDesignLabMonday/lab10_2_105033110_ver1/lab10_2_105033110_ver1.srcs/sources_1/new/speaker_control.v:2]
INFO: [Synth 8-638] synthesizing module 'KeyboardDecoder' [C:/Users/Alvin/Documents/LogicDesignLabMonday/lab10_2_105033110_ver1/lab10_2_105033110_ver1.srcs/sources_1/new/KeyboardDecoder.v:1]
	Parameter INIT bound to: 2'b00 
	Parameter WAIT_FOR_SIGNAL bound to: 2'b01 
	Parameter GET_SIGNAL_DOWN bound to: 2'b10 
	Parameter WAIT_RELEASE bound to: 2'b11 
	Parameter IS_INIT bound to: 8'b10101010 
	Parameter IS_EXTEND bound to: 8'b11100000 
	Parameter IS_BREAK bound to: 8'b11110000 
INFO: [Synth 8-638] synthesizing module 'KeyboardCtrl' [C:/Users/Alvin/Documents/LogicDesignLabMonday/lab10_2_105033110_ver1/lab10_2_105033110_ver1.srcs/sources_1/new/KeyboardCtrl.v:1]
	Parameter SYSCLK_FREQUENCY_HZ bound to: 100000000 - type: integer 
	Parameter RESET bound to: 3'b000 
	Parameter SEND_CMD bound to: 3'b001 
	Parameter WAIT_ACK bound to: 3'b010 
	Parameter WAIT_KEYIN bound to: 3'b011 
	Parameter GET_BREAK bound to: 3'b100 
	Parameter GET_EXTEND bound to: 3'b101 
	Parameter RESET_WAIT_BAT bound to: 3'b110 
	Parameter CMD_RESET bound to: 8'b11111111 
	Parameter CMD_SET_STATUS_LEDS bound to: 8'b11101101 
	Parameter RSP_ACK bound to: 8'b11111010 
	Parameter RSP_BAT_PASS bound to: 8'b10101010 
	Parameter BREAK_CODE bound to: 8'b11110000 
	Parameter EXTEND_CODE bound to: 8'b11100000 
	Parameter CAPS_LOCK bound to: 8'b01011000 
	Parameter NUM_LOCK bound to: 8'b01110111 
	Parameter SCR_LOCK bound to: 8'b01111110 
INFO: [Synth 8-638] synthesizing module 'Ps2Interface' [C:/Users/Alvin/Documents/LogicDesignLabMonday/lab10_2_105033110_ver1/lab10_2_105033110_ver1.srcs/sources_1/new/Ps2Interface.v:164]
	Parameter SYSCLK_FREQUENCY_HZ bound to: 100000000 - type: integer 
	Parameter CLOCK_CNT_100US bound to: 10000 - type: integer 
	Parameter CLOCK_CNT_20US bound to: 2000 - type: integer 
	Parameter DEBOUNCE_DELAY bound to: 15 - type: integer 
	Parameter BITS_NUM bound to: 11 - type: integer 
	Parameter parity_table bound to: 1'b1 
	Parameter IDLE bound to: 4'b0000 
	Parameter RX_NEG_EDGE bound to: 4'b0001 
	Parameter RX_CLK_LOW bound to: 4'b0010 
	Parameter RX_CLK_HIGH bound to: 4'b0011 
	Parameter TX_FORCE_CLK_LOW bound to: 4'b0100 
	Parameter TX_BRING_DATA_LOW bound to: 4'b0101 
	Parameter TX_RELEASE_CLK bound to: 4'b0110 
	Parameter TX_WAIT_FIRTS_NEG_EDGE bound to: 4'b0111 
	Parameter TX_CLK_LOW bound to: 4'b1000 
	Parameter TX_WAIT_POS_EDGE bound to: 4'b1001 
	Parameter TX_CLK_HIGH bound to: 4'b1010 
	Parameter TX_WAIT_POS_EDGE_BEFORE_ACK bound to: 4'b1011 
	Parameter TX_WAIT_ACK bound to: 4'b1100 
	Parameter TX_RECEIVED_ACK bound to: 4'b1101 
	Parameter TX_ERROR_NO_ACK bound to: 4'b1110 
INFO: [Synth 8-638] synthesizing module 'IOBUF' [C:/Xilinx/Vivado/2016.2/scripts/rt/data/unisim_comp.v:17333]
	Parameter DRIVE bound to: 12 - type: integer 
	Parameter IBUF_LOW_PWR bound to: TRUE - type: string 
	Parameter IOSTANDARD bound to: DEFAULT - type: string 
	Parameter SLEW bound to: SLOW - type: string 
INFO: [Synth 8-256] done synthesizing module 'IOBUF' (5#1) [C:/Xilinx/Vivado/2016.2/scripts/rt/data/unisim_comp.v:17333]
INFO: [Synth 8-256] done synthesizing module 'Ps2Interface' (6#1) [C:/Users/Alvin/Documents/LogicDesignLabMonday/lab10_2_105033110_ver1/lab10_2_105033110_ver1.srcs/sources_1/new/Ps2Interface.v:164]
INFO: [Synth 8-256] done synthesizing module 'KeyboardCtrl' (7#1) [C:/Users/Alvin/Documents/LogicDesignLabMonday/lab10_2_105033110_ver1/lab10_2_105033110_ver1.srcs/sources_1/new/KeyboardCtrl.v:1]
INFO: [Synth 8-226] default block is never used [C:/Users/Alvin/Documents/LogicDesignLabMonday/lab10_2_105033110_ver1/lab10_2_105033110_ver1.srcs/sources_1/new/KeyboardDecoder.v:71]
INFO: [Synth 8-256] done synthesizing module 'KeyboardDecoder' (8#1) [C:/Users/Alvin/Documents/LogicDesignLabMonday/lab10_2_105033110_ver1/lab10_2_105033110_ver1.srcs/sources_1/new/KeyboardDecoder.v:1]
INFO: [Synth 8-638] synthesizing module 'keyboard_ctl' [C:/Users/Alvin/Documents/LogicDesignLabMonday/lab10_2_105033110_ver1/lab10_2_105033110_ver1.srcs/sources_1/new/keyboard_ctl.v:2]
	Parameter STATE_CAPS bound to: 1'b1 
	Parameter STATE_LOW bound to: 1'b0 
INFO: [Synth 8-226] default block is never used [C:/Users/Alvin/Documents/LogicDesignLabMonday/lab10_2_105033110_ver1/lab10_2_105033110_ver1.srcs/sources_1/new/keyboard_ctl.v:42]
INFO: [Synth 8-256] done synthesizing module 'keyboard_ctl' (9#1) [C:/Users/Alvin/Documents/LogicDesignLabMonday/lab10_2_105033110_ver1/lab10_2_105033110_ver1.srcs/sources_1/new/keyboard_ctl.v:2]
INFO: [Synth 8-638] synthesizing module 'scan_ctl' [C:/Users/Alvin/Documents/LogicDesignLabMonday/lab10_2_105033110_ver1/lab10_2_105033110_ver1.srcs/sources_1/new/scan_ctl.v:3]
INFO: [Synth 8-226] default block is never used [C:/Users/Alvin/Documents/LogicDesignLabMonday/lab10_2_105033110_ver1/lab10_2_105033110_ver1.srcs/sources_1/new/scan_ctl.v:27]
INFO: [Synth 8-256] done synthesizing module 'scan_ctl' (10#1) [C:/Users/Alvin/Documents/LogicDesignLabMonday/lab10_2_105033110_ver1/lab10_2_105033110_ver1.srcs/sources_1/new/scan_ctl.v:3]
INFO: [Synth 8-638] synthesizing module 'display' [C:/Users/Alvin/Documents/LogicDesignLabMonday/lab10_2_105033110_ver1/lab10_2_105033110_ver1.srcs/sources_1/new/display.v:2]
INFO: [Synth 8-256] done synthesizing module 'display' (11#1) [C:/Users/Alvin/Documents/LogicDesignLabMonday/lab10_2_105033110_ver1/lab10_2_105033110_ver1.srcs/sources_1/new/display.v:2]
INFO: [Synth 8-256] done synthesizing module 'electronic_organ' (12#1) [C:/Users/Alvin/Documents/LogicDesignLabMonday/lab10_2_105033110_ver1/lab10_2_105033110_ver1.srcs/sources_1/new/electronic_organ.v:2]
WARNING: [Synth 8-3331] design keyboard_ctl has unconnected port key_down[511]
WARNING: [Synth 8-3331] design keyboard_ctl has unconnected port key_down[510]
WARNING: [Synth 8-3331] design keyboard_ctl has unconnected port key_down[509]
WARNING: [Synth 8-3331] design keyboard_ctl has unconnected port key_down[508]
WARNING: [Synth 8-3331] design keyboard_ctl has unconnected port key_down[507]
WARNING: [Synth 8-3331] design keyboard_ctl has unconnected port key_down[506]
WARNING: [Synth 8-3331] design keyboard_ctl has unconnected port key_down[505]
WARNING: [Synth 8-3331] design keyboard_ctl has unconnected port key_down[504]
WARNING: [Synth 8-3331] design keyboard_ctl has unconnected port key_down[503]
WARNING: [Synth 8-3331] design keyboard_ctl has unconnected port key_down[502]
WARNING: [Synth 8-3331] design keyboard_ctl has unconnected port key_down[501]
WARNING: [Synth 8-3331] design keyboard_ctl has unconnected port key_down[500]
WARNING: [Synth 8-3331] design keyboard_ctl has unconnected port key_down[499]
WARNING: [Synth 8-3331] design keyboard_ctl has unconnected port key_down[498]
WARNING: [Synth 8-3331] design keyboard_ctl has unconnected port key_down[497]
WARNING: [Synth 8-3331] design keyboard_ctl has unconnected port key_down[496]
WARNING: [Synth 8-3331] design keyboard_ctl has unconnected port key_down[495]
WARNING: [Synth 8-3331] design keyboard_ctl has unconnected port key_down[494]
WARNING: [Synth 8-3331] design keyboard_ctl has unconnected port key_down[493]
WARNING: [Synth 8-3331] design keyboard_ctl has unconnected port key_down[492]
WARNING: [Synth 8-3331] design keyboard_ctl has unconnected port key_down[491]
WARNING: [Synth 8-3331] design keyboard_ctl has unconnected port key_down[490]
WARNING: [Synth 8-3331] design keyboard_ctl has unconnected port key_down[489]
WARNING: [Synth 8-3331] design keyboard_ctl has unconnected port key_down[488]
WARNING: [Synth 8-3331] design keyboard_ctl has unconnected port key_down[487]
WARNING: [Synth 8-3331] design keyboard_ctl has unconnected port key_down[486]
WARNING: [Synth 8-3331] design keyboard_ctl has unconnected port key_down[485]
WARNING: [Synth 8-3331] design keyboard_ctl has unconnected port key_down[484]
WARNING: [Synth 8-3331] design keyboard_ctl has unconnected port key_down[483]
WARNING: [Synth 8-3331] design keyboard_ctl has unconnected port key_down[482]
WARNING: [Synth 8-3331] design keyboard_ctl has unconnected port key_down[481]
WARNING: [Synth 8-3331] design keyboard_ctl has unconnected port key_down[480]
WARNING: [Synth 8-3331] design keyboard_ctl has unconnected port key_down[479]
WARNING: [Synth 8-3331] design keyboard_ctl has unconnected port key_down[478]
WARNING: [Synth 8-3331] design keyboard_ctl has unconnected port key_down[477]
WARNING: [Synth 8-3331] design keyboard_ctl has unconnected port key_down[476]
WARNING: [Synth 8-3331] design keyboard_ctl has unconnected port key_down[475]
WARNING: [Synth 8-3331] design keyboard_ctl has unconnected port key_down[474]
WARNING: [Synth 8-3331] design keyboard_ctl has unconnected port key_down[473]
WARNING: [Synth 8-3331] design keyboard_ctl has unconnected port key_down[472]
WARNING: [Synth 8-3331] design keyboard_ctl has unconnected port key_down[471]
WARNING: [Synth 8-3331] design keyboard_ctl has unconnected port key_down[470]
WARNING: [Synth 8-3331] design keyboard_ctl has unconnected port key_down[469]
WARNING: [Synth 8-3331] design keyboard_ctl has unconnected port key_down[468]
WARNING: [Synth 8-3331] design keyboard_ctl has unconnected port key_down[467]
WARNING: [Synth 8-3331] design keyboard_ctl has unconnected port key_down[466]
WARNING: [Synth 8-3331] design keyboard_ctl has unconnected port key_down[465]
WARNING: [Synth 8-3331] design keyboard_ctl has unconnected port key_down[464]
WARNING: [Synth 8-3331] design keyboard_ctl has unconnected port key_down[463]
WARNING: [Synth 8-3331] design keyboard_ctl has unconnected port key_down[462]
WARNING: [Synth 8-3331] design keyboard_ctl has unconnected port key_down[461]
WARNING: [Synth 8-3331] design keyboard_ctl has unconnected port key_down[460]
WARNING: [Synth 8-3331] design keyboard_ctl has unconnected port key_down[459]
WARNING: [Synth 8-3331] design keyboard_ctl has unconnected port key_down[458]
WARNING: [Synth 8-3331] design keyboard_ctl has unconnected port key_down[457]
WARNING: [Synth 8-3331] design keyboard_ctl has unconnected port key_down[456]
WARNING: [Synth 8-3331] design keyboard_ctl has unconnected port key_down[455]
WARNING: [Synth 8-3331] design keyboard_ctl has unconnected port key_down[454]
WARNING: [Synth 8-3331] design keyboard_ctl has unconnected port key_down[453]
WARNING: [Synth 8-3331] design keyboard_ctl has unconnected port key_down[452]
WARNING: [Synth 8-3331] design keyboard_ctl has unconnected port key_down[451]
WARNING: [Synth 8-3331] design keyboard_ctl has unconnected port key_down[450]
WARNING: [Synth 8-3331] design keyboard_ctl has unconnected port key_down[449]
WARNING: [Synth 8-3331] design keyboard_ctl has unconnected port key_down[448]
WARNING: [Synth 8-3331] design keyboard_ctl has unconnected port key_down[447]
WARNING: [Synth 8-3331] design keyboard_ctl has unconnected port key_down[446]
WARNING: [Synth 8-3331] design keyboard_ctl has unconnected port key_down[445]
WARNING: [Synth 8-3331] design keyboard_ctl has unconnected port key_down[444]
WARNING: [Synth 8-3331] design keyboard_ctl has unconnected port key_down[443]
WARNING: [Synth 8-3331] design keyboard_ctl has unconnected port key_down[442]
WARNING: [Synth 8-3331] design keyboard_ctl has unconnected port key_down[441]
WARNING: [Synth 8-3331] design keyboard_ctl has unconnected port key_down[440]
WARNING: [Synth 8-3331] design keyboard_ctl has unconnected port key_down[439]
WARNING: [Synth 8-3331] design keyboard_ctl has unconnected port key_down[438]
WARNING: [Synth 8-3331] design keyboard_ctl has unconnected port key_down[437]
WARNING: [Synth 8-3331] design keyboard_ctl has unconnected port key_down[436]
WARNING: [Synth 8-3331] design keyboard_ctl has unconnected port key_down[435]
WARNING: [Synth 8-3331] design keyboard_ctl has unconnected port key_down[434]
WARNING: [Synth 8-3331] design keyboard_ctl has unconnected port key_down[433]
WARNING: [Synth 8-3331] design keyboard_ctl has unconnected port key_down[432]
WARNING: [Synth 8-3331] design keyboard_ctl has unconnected port key_down[431]
WARNING: [Synth 8-3331] design keyboard_ctl has unconnected port key_down[430]
WARNING: [Synth 8-3331] design keyboard_ctl has unconnected port key_down[429]
WARNING: [Synth 8-3331] design keyboard_ctl has unconnected port key_down[428]
WARNING: [Synth 8-3331] design keyboard_ctl has unconnected port key_down[427]
WARNING: [Synth 8-3331] design keyboard_ctl has unconnected port key_down[426]
WARNING: [Synth 8-3331] design keyboard_ctl has unconnected port key_down[425]
WARNING: [Synth 8-3331] design keyboard_ctl has unconnected port key_down[424]
WARNING: [Synth 8-3331] design keyboard_ctl has unconnected port key_down[423]
WARNING: [Synth 8-3331] design keyboard_ctl has unconnected port key_down[422]
WARNING: [Synth 8-3331] design keyboard_ctl has unconnected port key_down[421]
WARNING: [Synth 8-3331] design keyboard_ctl has unconnected port key_down[420]
WARNING: [Synth 8-3331] design keyboard_ctl has unconnected port key_down[419]
WARNING: [Synth 8-3331] design keyboard_ctl has unconnected port key_down[418]
WARNING: [Synth 8-3331] design keyboard_ctl has unconnected port key_down[417]
WARNING: [Synth 8-3331] design keyboard_ctl has unconnected port key_down[416]
WARNING: [Synth 8-3331] design keyboard_ctl has unconnected port key_down[415]
WARNING: [Synth 8-3331] design keyboard_ctl has unconnected port key_down[414]
WARNING: [Synth 8-3331] design keyboard_ctl has unconnected port key_down[413]
WARNING: [Synth 8-3331] design keyboard_ctl has unconnected port key_down[412]
INFO: [Common 17-14] Message 'Synth 8-3331' appears 100 times and further instances of the messages will be disabled. Use the Tcl command set_msg_config to change the current settings.
---------------------------------------------------------------------------------
Finished RTL Elaboration : Time (s): cpu = 00:00:06 ; elapsed = 00:00:09 . Memory (MB): peak = 308.578 ; gain = 101.289
---------------------------------------------------------------------------------

Report Check Netlist: 
+------+------------------+-------+---------+-------+------------------+
|      |Item              |Errors |Warnings |Status |Description       |
+------+------------------+-------+---------+-------+------------------+
|1     |multi_driven_nets |      0|        0|Passed |Multi driven nets |
+------+------------------+-------+---------+-------+------------------+
---------------------------------------------------------------------------------
Finished RTL Optimization Phase 1 : Time (s): cpu = 00:00:07 ; elapsed = 00:00:09 . Memory (MB): peak = 308.578 ; gain = 101.289
---------------------------------------------------------------------------------
INFO: [Netlist 29-17] Analyzing 2 Unisim elements for replacement
INFO: [Netlist 29-28] Unisim Transformation completed in 0 CPU seconds
INFO: [Device 21-403] Loading part xc7a35tcpg236-1
INFO: [Project 1-570] Preparing netlist for logic optimization

Processing XDC Constraints
Initializing timing engine
Parsing XDC File [C:/Users/Alvin/Documents/LogicDesignLabMonday/lab10_2_105033110_ver1/lab10_2_105033110_ver1.srcs/constrs_1/new/electronic_organ.xdc]
Finished Parsing XDC File [C:/Users/Alvin/Documents/LogicDesignLabMonday/lab10_2_105033110_ver1/lab10_2_105033110_ver1.srcs/constrs_1/new/electronic_organ.xdc]
INFO: [Project 1-236] Implementation specific constraints were found while reading constraint file [C:/Users/Alvin/Documents/LogicDesignLabMonday/lab10_2_105033110_ver1/lab10_2_105033110_ver1.srcs/constrs_1/new/electronic_organ.xdc]. These constraints will be ignored for synthesis but will be used in implementation. Impacted constraints are listed in the file [.Xil/electronic_organ_propImpl.xdc].
Resolution: To avoid this warning, move constraints listed in [.Xil/electronic_organ_propImpl.xdc] to another XDC file and exclude this new file from synthesis with the used_in_synthesis property (File Properties dialog in GUI) and re-run elaboration/synthesis.
Completed Processing XDC Constraints

INFO: [Project 1-111] Unisim Transformation Summary:
  A total of 2 instances were transformed.
  IOBUF => IOBUF (IBUF, OBUFT): 2 instances

Constraint Validation Runtime : Time (s): cpu = 00:00:00 ; elapsed = 00:00:00.002 . Memory (MB): peak = 601.629 ; gain = 0.000
---------------------------------------------------------------------------------
Finished Constraint Validation : Time (s): cpu = 00:00:16 ; elapsed = 00:00:20 . Memory (MB): peak = 601.629 ; gain = 394.340
---------------------------------------------------------------------------------
---------------------------------------------------------------------------------
Start Loading Part and Timing Information
---------------------------------------------------------------------------------
Loading part: xc7a35tcpg236-1
---------------------------------------------------------------------------------
Finished Loading Part and Timing Information : Time (s): cpu = 00:00:16 ; elapsed = 00:00:20 . Memory (MB): peak = 601.629 ; gain = 394.340
---------------------------------------------------------------------------------
---------------------------------------------------------------------------------
Start Applying 'set_property' XDC Constraints
---------------------------------------------------------------------------------
---------------------------------------------------------------------------------
Finished applying 'set_property' XDC Constraints : Time (s): cpu = 00:00:16 ; elapsed = 00:00:20 . Memory (MB): peak = 601.629 ; gain = 394.340
---------------------------------------------------------------------------------
INFO: [Synth 8-5545] ROM "clk_1_next" won't be mapped to RAM because address size (27) is larger than maximum supported(25)
INFO: [Synth 8-5546] ROM "clk_2k_next" won't be mapped to RAM because it is too sparse
INFO: [Synth 8-802] inferred FSM for state register 'state_reg' in module 'Ps2Interface'
INFO: [Synth 8-5544] ROM "ps2_clk_s" won't be mapped to Block RAM because address size (4) smaller than threshold (5)
INFO: [Synth 8-5544] ROM "ps2_data_s" won't be mapped to Block RAM because address size (4) smaller than threshold (5)
INFO: [Synth 8-5544] ROM "ps2_data_en_next" won't be mapped to Block RAM because address size (4) smaller than threshold (5)
INFO: [Synth 8-5544] ROM "busy" won't be mapped to Block RAM because address size (4) smaller than threshold (5)
INFO: [Synth 8-5544] ROM "ps2_clk_out_next" won't be mapped to Block RAM because address size (4) smaller than threshold (5)
INFO: [Synth 8-5544] ROM "ps2_clk_en_next" won't be mapped to Block RAM because address size (4) smaller than threshold (5)
INFO: [Synth 8-5544] ROM "state_next" won't be mapped to Block RAM because address size (1) smaller than threshold (5)
INFO: [Synth 8-5546] ROM "state_next" won't be mapped to RAM because it is too sparse
INFO: [Synth 8-5546] ROM "state_next" won't be mapped to RAM because it is too sparse
INFO: [Synth 8-5544] ROM "state_next" won't be mapped to Block RAM because address size (1) smaller than threshold (5)
INFO: [Synth 8-5544] ROM "state_next" won't be mapped to Block RAM because address size (1) smaller than threshold (5)
INFO: [Synth 8-5544] ROM "state_next" won't be mapped to Block RAM because address size (1) smaller than threshold (5)
INFO: [Synth 8-5544] ROM "state_next" won't be mapped to Block RAM because address size (1) smaller than threshold (5)
INFO: [Synth 8-5544] ROM "state_next" won't be mapped to Block RAM because address size (1) smaller than threshold (5)
INFO: [Synth 8-5544] ROM "state_next" won't be mapped to Block RAM because address size (1) smaller than threshold (5)
INFO: [Synth 8-5544] ROM "state_next" won't be mapped to Block RAM because address size (1) smaller than threshold (5)
INFO: [Synth 8-5544] ROM "state_next" won't be mapped to Block RAM because address size (1) smaller than threshold (5)
INFO: [Synth 8-802] inferred FSM for state register 'state_reg' in module 'KeyboardCtrl'
INFO: [Synth 8-5544] ROM "lock_status" won't be mapped to Block RAM because address size (3) smaller than threshold (5)
INFO: [Synth 8-5544] ROM "is_extend" won't be mapped to Block RAM because address size (3) smaller than threshold (5)
INFO: [Synth 8-5544] ROM "state" won't be mapped to Block RAM because address size (1) smaller than threshold (5)
INFO: [Synth 8-5544] ROM "state" won't be mapped to Block RAM because address size (1) smaller than threshold (5)
INFO: [Synth 8-5544] ROM "state" won't be mapped to Block RAM because address size (1) smaller than threshold (5)
INFO: [Synth 8-5544] ROM "state" won't be mapped to Block RAM because address size (1) smaller than threshold (5)
INFO: [Synth 8-5544] ROM "state" won't be mapped to Block RAM because address size (1) smaller than threshold (5)
INFO: [Synth 8-5544] ROM "state" won't be mapped to Block RAM because address size (1) smaller than threshold (5)
INFO: [Synth 8-5544] ROM "state" won't be mapped to Block RAM because address size (1) smaller than threshold (5)
INFO: [Synth 8-5546] ROM "state" won't be mapped to RAM because it is too sparse
INFO: [Synth 8-5546] ROM "state" won't be mapped to RAM because it is too sparse
INFO: [Synth 8-5546] ROM "state" won't be mapped to RAM because it is too sparse
---------------------------------------------------------------------------------------------------
                   State |                     New Encoding |                Previous Encoding 
---------------------------------------------------------------------------------------------------
                    IDLE |                  000000000000001 |                             0000
        TX_FORCE_CLK_LOW |                  000000000000010 |                             0100
       TX_BRING_DATA_LOW |                  000000000100000 |                             0101
          TX_RELEASE_CLK |                  000000001000000 |                             0110
  TX_WAIT_FIRTS_NEG_EDGE |                  000000010000000 |                             0111
              TX_CLK_LOW |                  000000100000000 |                             1000
        TX_WAIT_POS_EDGE |                  000001000000000 |                             1001
TX_WAIT_POS_EDGE_BEFORE_ACK |                  000010000000000 |                             1011
             TX_WAIT_ACK |                  001000000000000 |                             1100
         TX_RECEIVED_ACK |                  010000000000000 |                             1101
         TX_ERROR_NO_ACK |                  100000000000000 |                             1110
             TX_CLK_HIGH |                  000100000000000 |                             1010
             RX_NEG_EDGE |                  000000000000100 |                             0001
              RX_CLK_LOW |                  000000000001000 |                             0010
             RX_CLK_HIGH |                  000000000010000 |                             0011
---------------------------------------------------------------------------------------------------
INFO: [Synth 8-3354] encoded FSM with state register 'state_reg' using encoding 'one-hot' in module 'Ps2Interface'
---------------------------------------------------------------------------------------------------
                   State |                     New Encoding |                Previous Encoding 
---------------------------------------------------------------------------------------------------
                   RESET |                              000 |                              000
                SEND_CMD |                              001 |                              001
                WAIT_ACK |                              010 |                              010
          RESET_WAIT_BAT |                              011 |                              110
              WAIT_KEYIN |                              100 |                              011
              GET_EXTEND |                              101 |                              101
               GET_BREAK |                              110 |                              100
---------------------------------------------------------------------------------------------------
INFO: [Synth 8-3354] encoded FSM with state register 'state_reg' using encoding 'sequential' in module 'KeyboardCtrl'
---------------------------------------------------------------------------------
Finished RTL Optimization Phase 2 : Time (s): cpu = 00:00:18 ; elapsed = 00:00:22 . Memory (MB): peak = 601.629 ; gain = 394.340
---------------------------------------------------------------------------------

Report RTL Partitions: 
+-+--------------+------------+----------+
| |RTL Partition |Replication |Instances |
+-+--------------+------------+----------+
+-+--------------+------------+----------+
---------------------------------------------------------------------------------
Start RTL Component Statistics 
---------------------------------------------------------------------------------
Detailed RTL Component Info : 
+---Adders : 
	   2 Input     27 Bit       Adders := 1     
	   2 Input     16 Bit       Adders := 2     
	   2 Input     15 Bit       Adders := 1     
	   2 Input     14 Bit       Adders := 1     
	   2 Input      9 Bit       Adders := 1     
	   2 Input      4 Bit       Adders := 3     
	   2 Input      2 Bit       Adders := 1     
+---Registers : 
	              512 Bit    Registers := 1     
	               27 Bit    Registers := 1     
	               16 Bit    Registers := 2     
	               15 Bit    Registers := 1     
	               14 Bit    Registers := 1     
	               11 Bit    Registers := 1     
	               10 Bit    Registers := 1     
	                9 Bit    Registers := 1     
	                8 Bit    Registers := 3     
	                4 Bit    Registers := 3     
	                3 Bit    Registers := 1     
	                2 Bit    Registers := 2     
	                1 Bit    Registers := 26    
+---Muxes : 
	   2 Input    512 Bit        Muxes := 1     
	   2 Input     27 Bit        Muxes := 1     
	  15 Input     18 Bit        Muxes := 1     
	   2 Input     16 Bit        Muxes := 4     
	   2 Input     15 Bit        Muxes := 1     
	  33 Input     15 Bit        Muxes := 1     
	   2 Input     14 Bit        Muxes := 3     
	  15 Input     14 Bit        Muxes := 1     
	   2 Input     11 Bit        Muxes := 1     
	   4 Input     10 Bit        Muxes := 1     
	   7 Input      8 Bit        Muxes := 1     
	  16 Input      8 Bit        Muxes := 1     
	   2 Input      4 Bit        Muxes := 8     
	   8 Input      4 Bit        Muxes := 1     
	   4 Input      4 Bit        Muxes := 2     
	  25 Input      3 Bit        Muxes := 1     
	   8 Input      3 Bit        Muxes := 1     
	   5 Input      2 Bit        Muxes := 1     
	   2 Input      1 Bit        Muxes := 20    
	  15 Input      1 Bit        Muxes := 7     
	   7 Input      1 Bit        Muxes := 7     
	   4 Input      1 Bit        Muxes := 7     
	  16 Input      1 Bit        Muxes := 1     
---------------------------------------------------------------------------------
Finished RTL Component Statistics 
---------------------------------------------------------------------------------
---------------------------------------------------------------------------------
Start RTL Hierarchical Component Statistics 
---------------------------------------------------------------------------------
Hierarchical RTL Component report 
Module clock_generator 
Detailed RTL Component Info : 
+---Adders : 
	   2 Input     27 Bit       Adders := 1     
	   2 Input     15 Bit       Adders := 1     
+---Registers : 
	               27 Bit    Registers := 1     
	               15 Bit    Registers := 1     
	                1 Bit    Registers := 2     
+---Muxes : 
	   2 Input     27 Bit        Muxes := 1     
	   2 Input     15 Bit        Muxes := 1     
	   2 Input      1 Bit        Muxes := 2     
Module DoReMi 
Detailed RTL Component Info : 
+---Muxes : 
	  15 Input     18 Bit        Muxes := 1     
	  15 Input      1 Bit        Muxes := 1     
Module buzzer_control 
Detailed RTL Component Info : 
+---Adders : 
	   2 Input     16 Bit       Adders := 2     
+---Registers : 
	                1 Bit    Registers := 1     
+---Muxes : 
	   2 Input     16 Bit        Muxes := 4     
Module speaker_control 
Detailed RTL Component Info : 
+---Adders : 
	   2 Input      9 Bit       Adders := 1     
+---Registers : 
	               16 Bit    Registers := 2     
	                9 Bit    Registers := 1     
Module Ps2Interface 
Detailed RTL Component Info : 
+---Adders : 
	   2 Input     14 Bit       Adders := 1     
	   2 Input      4 Bit       Adders := 3     
+---Registers : 
	               14 Bit    Registers := 1     
	               11 Bit    Registers := 1     
	                8 Bit    Registers := 1     
	                4 Bit    Registers := 3     
	                1 Bit    Registers := 10    
+---Muxes : 
	  33 Input     15 Bit        Muxes := 1     
	   2 Input     14 Bit        Muxes := 3     
	  15 Input     14 Bit        Muxes := 1     
	   2 Input     11 Bit        Muxes := 1     
	   2 Input      4 Bit        Muxes := 5     
	   2 Input      1 Bit        Muxes := 8     
	  15 Input      1 Bit        Muxes := 6     
Module KeyboardCtrl 
Detailed RTL Component Info : 
+---Registers : 
	                8 Bit    Registers := 2     
	                3 Bit    Registers := 1     
	                1 Bit    Registers := 4     
+---Muxes : 
	   7 Input      8 Bit        Muxes := 1     
	  25 Input      3 Bit        Muxes := 1     
	   2 Input      1 Bit        Muxes := 1     
	   7 Input      1 Bit        Muxes := 7     
Module KeyboardDecoder 
Detailed RTL Component Info : 
+---Registers : 
	              512 Bit    Registers := 1     
	               10 Bit    Registers := 1     
	                2 Bit    Registers := 1     
	                1 Bit    Registers := 6     
+---Muxes : 
	   2 Input    512 Bit        Muxes := 1     
	   4 Input     10 Bit        Muxes := 1     
	   5 Input      2 Bit        Muxes := 1     
	   2 Input      1 Bit        Muxes := 8     
	   4 Input      1 Bit        Muxes := 7     
Module keyboard_ctl 
Detailed RTL Component Info : 
+---Registers : 
	                1 Bit    Registers := 3     
+---Muxes : 
	   8 Input      4 Bit        Muxes := 1     
	   2 Input      4 Bit        Muxes := 3     
	   8 Input      3 Bit        Muxes := 1     
	   2 Input      1 Bit        Muxes := 1     
Module scan_ctl 
Detailed RTL Component Info : 
+---Adders : 
	   2 Input      2 Bit       Adders := 1     
+---Registers : 
	                2 Bit    Registers := 1     
+---Muxes : 
	   4 Input      4 Bit        Muxes := 2     
Module display 
Detailed RTL Component Info : 
+---Muxes : 
	  16 Input      8 Bit        Muxes := 1     
	  16 Input      1 Bit        Muxes := 1     
---------------------------------------------------------------------------------
Finished RTL Hierarchical Component Statistics
---------------------------------------------------------------------------------
---------------------------------------------------------------------------------
Start Part Resource Summary
---------------------------------------------------------------------------------
Part Resources:
DSPs: 90 (col length:60)
BRAMs: 100 (col length: RAMB18 60 RAMB36 30)
---------------------------------------------------------------------------------
Finished Part Resource Summary
---------------------------------------------------------------------------------
Start Parallel Synthesis Optimization  : Time (s): cpu = 00:00:18 ; elapsed = 00:00:22 . Memory (MB): peak = 601.629 ; gain = 394.340
---------------------------------------------------------------------------------
Start Cross Boundary Optimization
---------------------------------------------------------------------------------
INFO: [Synth 8-5545] ROM "clk_1_next" won't be mapped to RAM because address size (27) is larger than maximum supported(25)
INFO: [Synth 8-5546] ROM "clk_2k_next" won't be mapped to RAM because it is too sparse
INFO: [Synth 8-5546] ROM "state" won't be mapped to RAM because it is too sparse
---------------------------------------------------------------------------------
Finished Cross Boundary Optimization : Time (s): cpu = 00:00:19 ; elapsed = 00:00:23 . Memory (MB): peak = 601.629 ; gain = 394.340
---------------------------------------------------------------------------------
Finished Parallel Reinference  : Time (s): cpu = 00:00:19 ; elapsed = 00:00:23 . Memory (MB): peak = 601.629 ; gain = 394.340

Report RTL Partitions: 
+-+--------------+------------+----------+
| |RTL Partition |Replication |Instances |
+-+--------------+------------+----------+
+-+--------------+------------+----------+
---------------------------------------------------------------------------------
Start ROM, RAM, DSP and Shift Register Reporting
---------------------------------------------------------------------------------

ROM:
+----------------+----------------------------------+---------------+----------------+
|Module Name     | RTL Object                       | Depth x Width | Implemented As | 
+----------------+----------------------------------+---------------+----------------+
|Ps2Interface    | parity_table                     | 256x1         | LUT            | 
|Ps2Interface    | parity_table                     | 256x1         | LUT            | 
|KeyboardDecoder | inst/Ps2Interface_i/parity_table | 256x1         | LUT            | 
|KeyboardDecoder | inst/Ps2Interface_i/parity_table | 256x1         | LUT            | 
+----------------+----------------------------------+---------------+----------------+

---------------------------------------------------------------------------------
Finished ROM, RAM, DSP and Shift Register Reporting
---------------------------------------------------------------------------------
---------------------------------------------------------------------------------
Start Area Optimization
---------------------------------------------------------------------------------
INFO: [Synth 8-3886] merging instance 'U_KD/inst/lock_status_reg[1]' (FDCE) to 'U_KD/inst/lock_status_reg[0]'
INFO: [Synth 8-3886] merging instance 'U_KD/inst/lock_status_reg[2]' (FDCE) to 'U_KD/inst/lock_status_reg[0]'
INFO: [Synth 8-3333] propagating constant 0 across sequential element (\U_KD/inst/lock_status_reg[0] )
INFO: [Synth 8-3886] merging instance 'U_KD/inst/tx_data_reg[3]' (FDCE) to 'U_KD/inst/tx_data_reg[4]'
INFO: [Synth 8-3886] merging instance 'U_KD/inst/tx_data_reg[4]' (FDCE) to 'U_KD/inst/tx_data_reg[5]'
INFO: [Synth 8-3886] merging instance 'U_KD/inst/tx_data_reg[5]' (FDCE) to 'U_KD/inst/tx_data_reg[6]'
INFO: [Synth 8-3886] merging instance 'U_KD/inst/tx_data_reg[6]' (FDCE) to 'U_KD/inst/tx_data_reg[7]'
INFO: [Synth 8-3886] merging instance 'Usc/audio_right_reg[1]' (FDC) to 'Usc/audio_right_reg[2]'
INFO: [Synth 8-3886] merging instance 'Usc/audio_right_reg[2]' (FDC) to 'Usc/audio_right_reg[3]'
INFO: [Synth 8-3886] merging instance 'Usc/audio_right_reg[3]' (FDC) to 'Usc/audio_right_reg[4]'
INFO: [Synth 8-3886] merging instance 'Usc/audio_right_reg[4]' (FDC) to 'Usc/audio_right_reg[5]'
INFO: [Synth 8-3886] merging instance 'Usc/audio_right_reg[5]' (FDC) to 'Usc/audio_right_reg[6]'
INFO: [Synth 8-3886] merging instance 'Usc/audio_right_reg[6]' (FDC) to 'Usc/audio_right_reg[7]'
INFO: [Synth 8-3886] merging instance 'Usc/audio_right_reg[7]' (FDC) to 'Usc/audio_right_reg[8]'
INFO: [Synth 8-3886] merging instance 'Usc/audio_right_reg[8]' (FDC) to 'Usc/audio_right_reg[9]'
INFO: [Synth 8-3886] merging instance 'Usc/audio_right_reg[9]' (FDC) to 'Usc/audio_right_reg[10]'
INFO: [Synth 8-3886] merging instance 'Usc/audio_right_reg[10]' (FDC) to 'Usc/audio_right_reg[11]'
INFO: [Synth 8-3886] merging instance 'Usc/audio_right_reg[11]' (FDC) to 'Usc/audio_right_reg[12]'
INFO: [Synth 8-3886] merging instance 'Usc/audio_right_reg[12]' (FDC) to 'Usc/audio_right_reg[13]'
INFO: [Synth 8-3886] merging instance 'Usc/audio_right_reg[13]' (FDC) to 'Usc/audio_right_reg[14]'
INFO: [Synth 8-3886] merging instance 'Usc/audio_left_reg[1]' (FDC) to 'Usc/audio_left_reg[2]'
INFO: [Synth 8-3886] merging instance 'Usc/audio_left_reg[2]' (FDC) to 'Usc/audio_left_reg[3]'
INFO: [Synth 8-3886] merging instance 'Usc/audio_left_reg[3]' (FDC) to 'Usc/audio_left_reg[4]'
INFO: [Synth 8-3886] merging instance 'Usc/audio_left_reg[4]' (FDC) to 'Usc/audio_left_reg[5]'
INFO: [Synth 8-3886] merging instance 'Usc/audio_left_reg[5]' (FDC) to 'Usc/audio_left_reg[6]'
INFO: [Synth 8-3886] merging instance 'Usc/audio_left_reg[6]' (FDC) to 'Usc/audio_left_reg[7]'
INFO: [Synth 8-3886] merging instance 'Usc/audio_left_reg[7]' (FDC) to 'Usc/audio_left_reg[8]'
INFO: [Synth 8-3886] merging instance 'Usc/audio_left_reg[8]' (FDC) to 'Usc/audio_left_reg[9]'
INFO: [Synth 8-3886] merging instance 'Usc/audio_left_reg[9]' (FDC) to 'Usc/audio_left_reg[10]'
INFO: [Synth 8-3886] merging instance 'Usc/audio_left_reg[10]' (FDC) to 'Usc/audio_left_reg[11]'
INFO: [Synth 8-3886] merging instance 'Usc/audio_left_reg[11]' (FDC) to 'Usc/audio_left_reg[12]'
INFO: [Synth 8-3886] merging instance 'Usc/audio_left_reg[12]' (FDC) to 'Usc/audio_left_reg[13]'
INFO: [Synth 8-3886] merging instance 'Usc/audio_left_reg[13]' (FDC) to 'Usc/audio_left_reg[14]'
INFO: [Synth 8-3886] merging instance 'U_KD/inst/tx_data_reg[1]' (FDCE) to 'U_KD/inst/tx_data_reg[0]'
INFO: [Synth 8-3886] merging instance 'U_KD/inst/tx_data_reg[2]' (FDCE) to 'U_KD/inst/tx_data_reg[0]'
WARNING: [Synth 8-3332] Sequential element (U_cg/count_50M_reg[26]) is unused and will be removed from module electronic_organ.
WARNING: [Synth 8-3332] Sequential element (U_cg/count_50M_reg[25]) is unused and will be removed from module electronic_organ.
WARNING: [Synth 8-3332] Sequential element (U_cg/count_50M_reg[24]) is unused and will be removed from module electronic_organ.
WARNING: [Synth 8-3332] Sequential element (U_cg/count_50M_reg[23]) is unused and will be removed from module electronic_organ.
WARNING: [Synth 8-3332] Sequential element (U_cg/count_50M_reg[22]) is unused and will be removed from module electronic_organ.
WARNING: [Synth 8-3332] Sequential element (U_cg/count_50M_reg[21]) is unused and will be removed from module electronic_organ.
WARNING: [Synth 8-3332] Sequential element (U_cg/count_50M_reg[20]) is unused and will be removed from module electronic_organ.
WARNING: [Synth 8-3332] Sequential element (U_cg/count_50M_reg[19]) is unused and will be removed from module electronic_organ.
WARNING: [Synth 8-3332] Sequential element (U_cg/count_50M_reg[18]) is unused and will be removed from module electronic_organ.
WARNING: [Synth 8-3332] Sequential element (U_cg/count_50M_reg[17]) is unused and will be removed from module electronic_organ.
WARNING: [Synth 8-3332] Sequential element (U_cg/count_50M_reg[16]) is unused and will be removed from module electronic_organ.
WARNING: [Synth 8-3332] Sequential element (U_cg/count_50M_reg[15]) is unused and will be removed from module electronic_organ.
WARNING: [Synth 8-3332] Sequential element (U_cg/count_50M_reg[14]) is unused and will be removed from module electronic_organ.
WARNING: [Synth 8-3332] Sequential element (U_cg/count_50M_reg[13]) is unused and will be removed from module electronic_organ.
WARNING: [Synth 8-3332] Sequential element (U_cg/count_50M_reg[12]) is unused and will be removed from module electronic_organ.
WARNING: [Synth 8-3332] Sequential element (U_cg/count_50M_reg[11]) is unused and will be removed from module electronic_organ.
WARNING: [Synth 8-3332] Sequential element (U_cg/count_50M_reg[10]) is unused and will be removed from module electronic_organ.
WARNING: [Synth 8-3332] Sequential element (U_cg/count_50M_reg[9]) is unused and will be removed from module electronic_organ.
WARNING: [Synth 8-3332] Sequential element (U_cg/count_50M_reg[8]) is unused and will be removed from module electronic_organ.
WARNING: [Synth 8-3332] Sequential element (U_cg/count_50M_reg[7]) is unused and will be removed from module electronic_organ.
WARNING: [Synth 8-3332] Sequential element (U_cg/count_50M_reg[6]) is unused and will be removed from module electronic_organ.
WARNING: [Synth 8-3332] Sequential element (U_cg/count_50M_reg[5]) is unused and will be removed from module electronic_organ.
WARNING: [Synth 8-3332] Sequential element (U_cg/count_50M_reg[4]) is unused and will be removed from module electronic_organ.
WARNING: [Synth 8-3332] Sequential element (U_cg/count_50M_reg[3]) is unused and will be removed from module electronic_organ.
WARNING: [Synth 8-3332] Sequential element (U_cg/count_50M_reg[2]) is unused and will be removed from module electronic_organ.
WARNING: [Synth 8-3332] Sequential element (U_cg/count_50M_reg[1]) is unused and will be removed from module electronic_organ.
WARNING: [Synth 8-3332] Sequential element (U_cg/count_50M_reg[0]) is unused and will be removed from module electronic_organ.
WARNING: [Synth 8-3332] Sequential element (U_cg/clk_1_reg) is unused and will be removed from module electronic_organ.
WARNING: [Synth 8-3332] Sequential element (Usc/audio_right_reg[13]) is unused and will be removed from module electronic_organ.
WARNING: [Synth 8-3332] Sequential element (Usc/audio_right_reg[12]) is unused and will be removed from module electronic_organ.
WARNING: [Synth 8-3332] Sequential element (Usc/audio_right_reg[11]) is unused and will be removed from module electronic_organ.
WARNING: [Synth 8-3332] Sequential element (Usc/audio_right_reg[10]) is unused and will be removed from module electronic_organ.
WARNING: [Synth 8-3332] Sequential element (Usc/audio_right_reg[9]) is unused and will be removed from module electronic_organ.
WARNING: [Synth 8-3332] Sequential element (Usc/audio_right_reg[8]) is unused and will be removed from module electronic_organ.
WARNING: [Synth 8-3332] Sequential element (Usc/audio_right_reg[7]) is unused and will be removed from module electronic_organ.
WARNING: [Synth 8-3332] Sequential element (Usc/audio_right_reg[6]) is unused and will be removed from module electronic_organ.
WARNING: [Synth 8-3332] Sequential element (Usc/audio_right_reg[5]) is unused and will be removed from module electronic_organ.
WARNING: [Synth 8-3332] Sequential element (Usc/audio_right_reg[4]) is unused and will be removed from module electronic_organ.
WARNING: [Synth 8-3332] Sequential element (Usc/audio_right_reg[3]) is unused and will be removed from module electronic_organ.
WARNING: [Synth 8-3332] Sequential element (Usc/audio_right_reg[2]) is unused and will be removed from module electronic_organ.
WARNING: [Synth 8-3332] Sequential element (Usc/audio_right_reg[1]) is unused and will be removed from module electronic_organ.
WARNING: [Synth 8-3332] Sequential element (Usc/audio_left_reg[13]) is unused and will be removed from module electronic_organ.
WARNING: [Synth 8-3332] Sequential element (Usc/audio_left_reg[12]) is unused and will be removed from module electronic_organ.
WARNING: [Synth 8-3332] Sequential element (Usc/audio_left_reg[11]) is unused and will be removed from module electronic_organ.
WARNING: [Synth 8-3332] Sequential element (Usc/audio_left_reg[10]) is unused and will be removed from module electronic_organ.
WARNING: [Synth 8-3332] Sequential element (Usc/audio_left_reg[9]) is unused and will be removed from module electronic_organ.
WARNING: [Synth 8-3332] Sequential element (Usc/audio_left_reg[8]) is unused and will be removed from module electronic_organ.
WARNING: [Synth 8-3332] Sequential element (Usc/audio_left_reg[7]) is unused and will be removed from module electronic_organ.
WARNING: [Synth 8-3332] Sequential element (Usc/audio_left_reg[6]) is unused and will be removed from module electronic_organ.
WARNING: [Synth 8-3332] Sequential element (Usc/audio_left_reg[5]) is unused and will be removed from module electronic_organ.
WARNING: [Synth 8-3332] Sequential element (Usc/audio_left_reg[4]) is unused and will be removed from module electronic_organ.
WARNING: [Synth 8-3332] Sequential element (Usc/audio_left_reg[3]) is unused and will be removed from module electronic_organ.
WARNING: [Synth 8-3332] Sequential element (Usc/audio_left_reg[2]) is unused and will be removed from module electronic_organ.
WARNING: [Synth 8-3332] Sequential element (Usc/audio_left_reg[1]) is unused and will be removed from module electronic_organ.
WARNING: [Synth 8-3332] Sequential element (U_KD/inst/tx_data_reg[6]) is unused and will be removed from module electronic_organ.
WARNING: [Synth 8-3332] Sequential element (U_KD/inst/tx_data_reg[5]) is unused and will be removed from module electronic_organ.
WARNING: [Synth 8-3332] Sequential element (U_KD/inst/tx_data_reg[4]) is unused and will be removed from module electronic_organ.
WARNING: [Synth 8-3332] Sequential element (U_KD/inst/tx_data_reg[3]) is unused and will be removed from module electronic_organ.
WARNING: [Synth 8-3332] Sequential element (U_KD/inst/tx_data_reg[2]) is unused and will be removed from module electronic_organ.
WARNING: [Synth 8-3332] Sequential element (U_KD/inst/tx_data_reg[1]) is unused and will be removed from module electronic_organ.
WARNING: [Synth 8-3332] Sequential element (U_KD/inst/lock_status_reg[2]) is unused and will be removed from module electronic_organ.
WARNING: [Synth 8-3332] Sequential element (U_KD/inst/lock_status_reg[1]) is unused and will be removed from module electronic_organ.
WARNING: [Synth 8-3332] Sequential element (U_KD/inst/lock_status_reg[0]) is unused and will be removed from module electronic_organ.
WARNING: [Synth 8-3332] Sequential element (U_KD/key_down_reg[511]) is unused and will be removed from module electronic_organ.
WARNING: [Synth 8-3332] Sequential element (U_KD/key_down_reg[510]) is unused and will be removed from module electronic_organ.
WARNING: [Synth 8-3332] Sequential element (U_KD/key_down_reg[509]) is unused and will be removed from module electronic_organ.
WARNING: [Synth 8-3332] Sequential element (U_KD/key_down_reg[508]) is unused and will be removed from module electronic_organ.
WARNING: [Synth 8-3332] Sequential element (U_KD/key_down_reg[507]) is unused and will be removed from module electronic_organ.
WARNING: [Synth 8-3332] Sequential element (U_KD/key_down_reg[506]) is unused and will be removed from module electronic_organ.
WARNING: [Synth 8-3332] Sequential element (U_KD/key_down_reg[505]) is unused and will be removed from module electronic_organ.
WARNING: [Synth 8-3332] Sequential element (U_KD/key_down_reg[504]) is unused and will be removed from module electronic_organ.
WARNING: [Synth 8-3332] Sequential element (U_KD/key_down_reg[503]) is unused and will be removed from module electronic_organ.
WARNING: [Synth 8-3332] Sequential element (U_KD/key_down_reg[502]) is unused and will be removed from module electronic_organ.
WARNING: [Synth 8-3332] Sequential element (U_KD/key_down_reg[501]) is unused and will be removed from module electronic_organ.
WARNING: [Synth 8-3332] Sequential element (U_KD/key_down_reg[500]) is unused and will be removed from module electronic_organ.
WARNING: [Synth 8-3332] Sequential element (U_KD/key_down_reg[499]) is unused and will be removed from module electronic_organ.
WARNING: [Synth 8-3332] Sequential element (U_KD/key_down_reg[498]) is unused and will be removed from module electronic_organ.
WARNING: [Synth 8-3332] Sequential element (U_KD/key_down_reg[497]) is unused and will be removed from module electronic_organ.
WARNING: [Synth 8-3332] Sequential element (U_KD/key_down_reg[496]) is unused and will be removed from module electronic_organ.
WARNING: [Synth 8-3332] Sequential element (U_KD/key_down_reg[495]) is unused and will be removed from module electronic_organ.
WARNING: [Synth 8-3332] Sequential element (U_KD/key_down_reg[494]) is unused and will be removed from module electronic_organ.
WARNING: [Synth 8-3332] Sequential element (U_KD/key_down_reg[493]) is unused and will be removed from module electronic_organ.
WARNING: [Synth 8-3332] Sequential element (U_KD/key_down_reg[492]) is unused and will be removed from module electronic_organ.
WARNING: [Synth 8-3332] Sequential element (U_KD/key_down_reg[491]) is unused and will be removed from module electronic_organ.
WARNING: [Synth 8-3332] Sequential element (U_KD/key_down_reg[490]) is unused and will be removed from module electronic_organ.
WARNING: [Synth 8-3332] Sequential element (U_KD/key_down_reg[489]) is unused and will be removed from module electronic_organ.
WARNING: [Synth 8-3332] Sequential element (U_KD/key_down_reg[488]) is unused and will be removed from module electronic_organ.
WARNING: [Synth 8-3332] Sequential element (U_KD/key_down_reg[487]) is unused and will be removed from module electronic_organ.
WARNING: [Synth 8-3332] Sequential element (U_KD/key_down_reg[486]) is unused and will be removed from module electronic_organ.
WARNING: [Synth 8-3332] Sequential element (U_KD/key_down_reg[485]) is unused and will be removed from module electronic_organ.
WARNING: [Synth 8-3332] Sequential element (U_KD/key_down_reg[484]) is unused and will be removed from module electronic_organ.
WARNING: [Synth 8-3332] Sequential element (U_KD/key_down_reg[483]) is unused and will be removed from module electronic_organ.
WARNING: [Synth 8-3332] Sequential element (U_KD/key_down_reg[482]) is unused and will be removed from module electronic_organ.
WARNING: [Synth 8-3332] Sequential element (U_KD/key_down_reg[481]) is unused and will be removed from module electronic_organ.
WARNING: [Synth 8-3332] Sequential element (U_KD/key_down_reg[480]) is unused and will be removed from module electronic_organ.
WARNING: [Synth 8-3332] Sequential element (U_KD/key_down_reg[479]) is unused and will be removed from module electronic_organ.
WARNING: [Synth 8-3332] Sequential element (U_KD/key_down_reg[478]) is unused and will be removed from module electronic_organ.
WARNING: [Synth 8-3332] Sequential element (U_KD/key_down_reg[477]) is unused and will be removed from module electronic_organ.
WARNING: [Synth 8-3332] Sequential element (U_KD/key_down_reg[476]) is unused and will be removed from module electronic_organ.
WARNING: [Synth 8-3332] Sequential element (U_KD/key_down_reg[475]) is unused and will be removed from module electronic_organ.
INFO: [Common 17-14] Message 'Synth 8-3332' appears 100 times and further instances of the messages will be disabled. Use the Tcl command set_msg_config to change the current settings.
INFO: [Synth 8-3886] merging instance 'Usc/audio_left_reg[0]' (FDC) to 'Usc/audio_right_reg[0]'
INFO: [Synth 8-3886] merging instance 'Usc/audio_right_reg[14]' (FDC) to 'Usc/audio_left_reg[14]'
INFO: [Synth 8-3886] merging instance 'Usc/audio_right_reg[15]' (FDC) to 'Usc/audio_left_reg[15]'
---------------------------------------------------------------------------------
Finished Area Optimization : Time (s): cpu = 00:00:22 ; elapsed = 00:00:26 . Memory (MB): peak = 601.629 ; gain = 394.340
---------------------------------------------------------------------------------
Finished Parallel Area Optimization  : Time (s): cpu = 00:00:22 ; elapsed = 00:00:26 . Memory (MB): peak = 601.629 ; gain = 394.340

Report RTL Partitions: 
+-+--------------+------------+----------+
| |RTL Partition |Replication |Instances |
+-+--------------+------------+----------+
+-+--------------+------------+----------+
---------------------------------------------------------------------------------
Start Timing Optimization
---------------------------------------------------------------------------------
---------------------------------------------------------------------------------
Start Applying XDC Timing Constraints
---------------------------------------------------------------------------------
---------------------------------------------------------------------------------
Finished Applying XDC Timing Constraints : Time (s): cpu = 00:00:31 ; elapsed = 00:00:36 . Memory (MB): peak = 601.629 ; gain = 394.340
---------------------------------------------------------------------------------
---------------------------------------------------------------------------------
Finished Timing Optimization : Time (s): cpu = 00:00:31 ; elapsed = 00:00:36 . Memory (MB): peak = 601.629 ; gain = 394.340
---------------------------------------------------------------------------------

Report RTL Partitions: 
+-+--------------+------------+----------+
| |RTL Partition |Replication |Instances |
+-+--------------+------------+----------+
+-+--------------+------------+----------+
---------------------------------------------------------------------------------
Start Technology Mapping
---------------------------------------------------------------------------------
---------------------------------------------------------------------------------
Finished Technology Mapping : Time (s): cpu = 00:00:31 ; elapsed = 00:00:36 . Memory (MB): peak = 601.629 ; gain = 394.340
---------------------------------------------------------------------------------
Finished Parallel Technology Mapping Optimization  : Time (s): cpu = 00:00:31 ; elapsed = 00:00:36 . Memory (MB): peak = 601.629 ; gain = 394.340

Report RTL Partitions: 
+-+--------------+------------+----------+
| |RTL Partition |Replication |Instances |
+-+--------------+------------+----------+
+-+--------------+------------+----------+
Finished Parallel Synthesis Optimization  : Time (s): cpu = 00:00:31 ; elapsed = 00:00:36 . Memory (MB): peak = 601.629 ; gain = 394.340
---------------------------------------------------------------------------------
Start IO Insertion
---------------------------------------------------------------------------------
---------------------------------------------------------------------------------
Start Flattening Before IO Insertion
---------------------------------------------------------------------------------
---------------------------------------------------------------------------------
Finished Flattening Before IO Insertion
---------------------------------------------------------------------------------
---------------------------------------------------------------------------------
Start Final Netlist Cleanup
---------------------------------------------------------------------------------
INFO: [Synth 8-5365] Flop U_KD/inst/Ps2Interface_i/ps2_clk_en_reg is being inverted and renamed to U_KD/inst/Ps2Interface_i/ps2_clk_en_reg_inv.
INFO: [Synth 8-5365] Flop U_KD/inst/Ps2Interface_i/ps2_data_en_reg is being inverted and renamed to U_KD/inst/Ps2Interface_i/ps2_data_en_reg_inv.
---------------------------------------------------------------------------------
Finished Final Netlist Cleanup
---------------------------------------------------------------------------------
---------------------------------------------------------------------------------
Finished IO Insertion : Time (s): cpu = 00:00:32 ; elapsed = 00:00:36 . Memory (MB): peak = 601.629 ; gain = 394.340
---------------------------------------------------------------------------------

Report Check Netlist: 
+------+------------------+-------+---------+-------+------------------+
|      |Item              |Errors |Warnings |Status |Description       |
+------+------------------+-------+---------+-------+------------------+
|1     |multi_driven_nets |      0|        0|Passed |Multi driven nets |
+------+------------------+-------+---------+-------+------------------+
---------------------------------------------------------------------------------
Start Renaming Generated Instances
---------------------------------------------------------------------------------
---------------------------------------------------------------------------------
Finished Renaming Generated Instances : Time (s): cpu = 00:00:32 ; elapsed = 00:00:36 . Memory (MB): peak = 601.629 ; gain = 394.340
---------------------------------------------------------------------------------

Report RTL Partitions: 
+-+--------------+------------+----------+
| |RTL Partition |Replication |Instances |
+-+--------------+------------+----------+
+-+--------------+------------+----------+
---------------------------------------------------------------------------------
Start Rebuilding User Hierarchy
---------------------------------------------------------------------------------
---------------------------------------------------------------------------------
Finished Rebuilding User Hierarchy : Time (s): cpu = 00:00:32 ; elapsed = 00:00:36 . Memory (MB): peak = 601.629 ; gain = 394.340
---------------------------------------------------------------------------------
---------------------------------------------------------------------------------
Start Renaming Generated Ports
---------------------------------------------------------------------------------
---------------------------------------------------------------------------------
Finished Renaming Generated Ports : Time (s): cpu = 00:00:32 ; elapsed = 00:00:36 . Memory (MB): peak = 601.629 ; gain = 394.340
---------------------------------------------------------------------------------
---------------------------------------------------------------------------------
Start Handling Custom Attributes
---------------------------------------------------------------------------------
---------------------------------------------------------------------------------
Finished Handling Custom Attributes : Time (s): cpu = 00:00:32 ; elapsed = 00:00:36 . Memory (MB): peak = 601.629 ; gain = 394.340
---------------------------------------------------------------------------------
---------------------------------------------------------------------------------
Start Renaming Generated Nets
---------------------------------------------------------------------------------
---------------------------------------------------------------------------------
Finished Renaming Generated Nets : Time (s): cpu = 00:00:32 ; elapsed = 00:00:36 . Memory (MB): peak = 601.629 ; gain = 394.340
---------------------------------------------------------------------------------
---------------------------------------------------------------------------------
Start Writing Synthesis Report
---------------------------------------------------------------------------------

Report BlackBoxes: 
+-+--------------+----------+
| |BlackBox name |Instances |
+-+--------------+----------+
+-+--------------+----------+

Report Cell Usage: 
+------+-------+------+
|      |Cell   |Count |
+------+-------+------+
|1     |BUFG   |     1|
|2     |CARRY4 |    16|
|3     |LUT1   |    32|
|4     |LUT2   |    78|
|5     |LUT3   |    23|
|6     |LUT4   |    53|
|7     |LUT5   |    40|
|8     |LUT6   |    92|
|9     |MUXF7  |     1|
|10    |FDCE   |   160|
|11    |FDPE   |     8|
|12    |FDRE   |     2|
|13    |IBUF   |     2|
|14    |IOBUF  |     2|
|15    |OBUF   |    18|
+------+-------+------+

Report Instance Areas: 
+------+---------------------+----------------+------+
|      |Instance             |Module          |Cells |
+------+---------------------+----------------+------+
|1     |top                  |                |   528|
|2     |  U_KC               |keyboard_ctl    |     4|
|3     |  U_KD               |KeyboardDecoder |   358|
|4     |    inst             |KeyboardCtrl    |   264|
|5     |      Ps2Interface_i |Ps2Interface    |   229|
|6     |  U_SC               |scan_ctl        |     9|
|7     |  U_cg               |clock_generator |    54|
|8     |  Ubc                |buzzer_control  |    58|
|9     |  Usc                |speaker_control |    24|
+------+---------------------+----------------+------+
---------------------------------------------------------------------------------
Finished Writing Synthesis Report : Time (s): cpu = 00:00:32 ; elapsed = 00:00:36 . Memory (MB): peak = 601.629 ; gain = 394.340
---------------------------------------------------------------------------------
Synthesis finished with 0 errors, 0 critical warnings and 569 warnings.
Synthesis Optimization Runtime : Time (s): cpu = 00:00:19 ; elapsed = 00:00:25 . Memory (MB): peak = 601.629 ; gain = 101.289
Synthesis Optimization Complete : Time (s): cpu = 00:00:32 ; elapsed = 00:00:36 . Memory (MB): peak = 601.629 ; gain = 394.340
INFO: [Project 1-571] Translating synthesized netlist
INFO: [Netlist 29-17] Analyzing 20 Unisim elements for replacement
INFO: [Netlist 29-28] Unisim Transformation completed in 0 CPU seconds
INFO: [Project 1-570] Preparing netlist for logic optimization
INFO: [Opt 31-138] Pushed 0 inverter(s) to 0 load pin(s).
INFO: [Project 1-111] Unisim Transformation Summary:
  A total of 2 instances were transformed.
  IOBUF => IOBUF (IBUF, OBUFT): 2 instances

INFO: [Common 17-83] Releasing license: Synthesis
123 Infos, 236 Warnings, 0 Critical Warnings and 0 Errors encountered.
synth_design completed successfully
synth_design: Time (s): cpu = 00:00:31 ; elapsed = 00:00:33 . Memory (MB): peak = 601.629 ; gain = 394.340
report_utilization: Time (s): cpu = 00:00:00 ; elapsed = 00:00:00.014 . Memory (MB): peak = 601.629 ; gain = 0.000
INFO: [Common 17-206] Exiting Vivado at Mon Jun 01 01:39:33 2020...
