Copyright 1986-2016 Xilinx, Inc. All Rights Reserved.
--------------------------------------------------------------------------------------------
| Tool Version : Vivado v.2016.2 (win64) Build 1577090 Thu Jun  2 16:32:40 MDT 2016
| Date         : Thu Apr 09 05:51:35 2020
| Host         : DESKTOP-DC9NKE6 running 64-bit major release  (build 9200)
| Command      : report_control_sets -verbose -file downcounter_30s_control_sets_placed.rpt
| Design       : downcounter_30s
| Device       : xc7a35t
--------------------------------------------------------------------------------------------

Control Set Information

Table of Contents
-----------------
1. Summary
2. Flip-Flop Distribution
3. Detailed Control Set Information

1. Summary
----------

+----------------------------------------------------------+-------+
|                          Status                          | Count |
+----------------------------------------------------------+-------+
| Number of unique control sets                            |     3 |
| Unused register locations in slices containing registers |    12 |
+----------------------------------------------------------+-------+


2. Flip-Flop Distribution
-------------------------

+--------------+-----------------------+------------------------+-----------------+--------------+
| Clock Enable | Synchronous Set/Reset | Asynchronous Set/Reset | Total Registers | Total Slices |
+--------------+-----------------------+------------------------+-----------------+--------------+
| No           | No                    | No                     |               0 |            0 |
| No           | No                    | Yes                    |              44 |           12 |
| No           | Yes                   | No                     |               0 |            0 |
| Yes          | No                    | No                     |               0 |            0 |
| Yes          | No                    | Yes                    |               8 |            4 |
| Yes          | Yes                   | No                     |               0 |            0 |
+--------------+-----------------------+------------------------+-----------------+--------------+


3. Detailed Control Set Information
-----------------------------------

+----------------------+---------------------+---------------------+------------------+----------------+
|     Clock Signal     |    Enable Signal    |   Set/Reset Signal  | Slice Load Count | Bel Load Count |
+----------------------+---------------------+---------------------+------------------+----------------+
|  U_F1Hz/value_reg[0] | Udc1/br0            | U_F1Hz/cnt_reg[0]_0 |                2 |              4 |
|  U_F1Hz/value_reg[0] | Udc1/value_reg[3]_0 | U_F1Hz/cnt_reg[0]_0 |                2 |              4 |
|  clk_IBUF_BUFG       |                     | U_F1Hz/cnt_reg[0]_0 |               12 |             44 |
+----------------------+---------------------+---------------------+------------------+----------------+


