
*** Running vivado
    with args -log top.vdi -applog -m64 -messageDb vivado.pb -mode batch -source top.tcl -notrace


****** Vivado v2016.2 (64-bit)
  **** SW Build 1577090 on Thu Jun  2 16:32:40 MDT 2016
  **** IP Build 1577682 on Fri Jun  3 12:00:54 MDT 2016
    ** Copyright 1986-2016 Xilinx, Inc. All Rights Reserved.

source top.tcl -notrace
Design is defaulting to srcset: sources_1
Design is defaulting to constrset: constrs_1
INFO: [Netlist 29-17] Analyzing 45 Unisim elements for replacement
INFO: [Netlist 29-28] Unisim Transformation completed in 0 CPU seconds
INFO: [Project 1-479] Netlist was created with Vivado 2016.2
INFO: [Device 21-403] Loading part xc7a35tcpg236-1
INFO: [Project 1-570] Preparing netlist for logic optimization
Parsing XDC File [C:/Users/Alvin/Documents/LogicDesignLabMonday/FinalProject_105033110_ver1/FinalProject_105033110_ver1.srcs/constrs_1/new/top.xdc]
Finished Parsing XDC File [C:/Users/Alvin/Documents/LogicDesignLabMonday/FinalProject_105033110_ver1/FinalProject_105033110_ver1.srcs/constrs_1/new/top.xdc]
INFO: [Opt 31-138] Pushed 0 inverter(s) to 0 load pin(s).
INFO: [Project 1-111] Unisim Transformation Summary:
  A total of 2 instances were transformed.
  IOBUF => IOBUF (IBUF, OBUFT): 2 instances

link_design: Time (s): cpu = 00:00:05 ; elapsed = 00:00:06 . Memory (MB): peak = 439.961 ; gain = 233.125
INFO: [Vivado_Tcl 4-424] Cannot write hardware definition file as there are no IPI block design hardware handoff files present
Command: opt_design
Attempting to get a license for feature 'Implementation' and/or device 'xc7a35t'
INFO: [Common 17-349] Got license for feature 'Implementation' and/or device 'xc7a35t'
Running DRC as a precondition to command opt_design

Starting DRC Task
INFO: [DRC 23-27] Running DRC with 2 threads
INFO: [Project 1-461] DRC finished with 0 Errors
INFO: [Project 1-462] Please refer to the DRC report (report_drc) for more information.

Time (s): cpu = 00:00:00 ; elapsed = 00:00:00.092 . Memory (MB): peak = 443.785 ; gain = 3.824
INFO: [Timing 38-35] Done setting XDC timing constraints.

Starting Logic Optimization Task
Implement Debug Cores | Checksum: 186bbc020

Phase 1 Retarget
INFO: [Opt 31-138] Pushed 0 inverter(s) to 0 load pin(s).
INFO: [Opt 31-49] Retargeted 0 cell(s).
Phase 1 Retarget | Checksum: 186bbc020

Time (s): cpu = 00:00:00 ; elapsed = 00:00:00.051 . Memory (MB): peak = 916.148 ; gain = 0.000

Phase 2 Constant Propagation
INFO: [Opt 31-138] Pushed 0 inverter(s) to 0 load pin(s).
INFO: [Opt 31-10] Eliminated 0 cells.
Phase 2 Constant Propagation | Checksum: 186bbc020

Time (s): cpu = 00:00:00 ; elapsed = 00:00:00.066 . Memory (MB): peak = 916.148 ; gain = 0.000

Phase 3 Sweep
INFO: [Opt 31-12] Eliminated 96 unconnected nets.
INFO: [Opt 31-11] Eliminated 0 unconnected cells.
Phase 3 Sweep | Checksum: 83a7b6f7

Time (s): cpu = 00:00:00 ; elapsed = 00:00:00.101 . Memory (MB): peak = 916.148 ; gain = 0.000

Starting Connectivity Check Task

Time (s): cpu = 00:00:00 ; elapsed = 00:00:00.002 . Memory (MB): peak = 916.148 ; gain = 0.000
Ending Logic Optimization Task | Checksum: 83a7b6f7

Time (s): cpu = 00:00:00 ; elapsed = 00:00:00.106 . Memory (MB): peak = 916.148 ; gain = 0.000

Starting Power Optimization Task
INFO: [Pwropt 34-132] Skipping clock gating for clocks with a period < 2.00 ns.
Ending Power Optimization Task | Checksum: 83a7b6f7

Time (s): cpu = 00:00:00 ; elapsed = 00:00:00.008 . Memory (MB): peak = 916.148 ; gain = 0.000
INFO: [Common 17-83] Releasing license: Implementation
21 Infos, 0 Warnings, 0 Critical Warnings and 0 Errors encountered.
opt_design completed successfully
opt_design: Time (s): cpu = 00:00:10 ; elapsed = 00:00:10 . Memory (MB): peak = 916.148 ; gain = 476.188
Writing placer database...
Writing XDEF routing.
Writing XDEF routing logical nets.
Writing XDEF routing special nets.
Write XDEF Complete: Time (s): cpu = 00:00:00 ; elapsed = 00:00:00.049 . Memory (MB): peak = 916.148 ; gain = 0.000
INFO: [DRC 23-27] Running DRC with 2 threads
INFO: [Coretcl 2-168] The results of DRC are in file C:/Users/Alvin/Documents/LogicDesignLabMonday/FinalProject_105033110_ver1/FinalProject_105033110_ver1.runs/impl_1/top_drc_opted.rpt.
INFO: [Chipscope 16-241] No debug cores found in the current design.
Before running the implement_debug_core command, either use the Set Up Debug wizard (GUI mode)
or use the create_debug_core and connect_debug_core Tcl commands to insert debug cores into the design.
Command: place_design
Attempting to get a license for feature 'Implementation' and/or device 'xc7a35t'
INFO: [Common 17-349] Got license for feature 'Implementation' and/or device 'xc7a35t'
INFO: [DRC 23-27] Running DRC with 2 threads
INFO: [Vivado_Tcl 4-198] DRC finished with 0 Errors
INFO: [Vivado_Tcl 4-199] Please refer to the DRC report (report_drc) for more information.
Running DRC as a precondition to command place_design
INFO: [DRC 23-27] Running DRC with 2 threads
INFO: [Vivado_Tcl 4-198] DRC finished with 0 Errors
INFO: [Vivado_Tcl 4-199] Please refer to the DRC report (report_drc) for more information.

Starting Placer Task
INFO: [Place 30-611] Multithreading enabled for place_design using a maximum of 2 CPUs

Phase 1 Placer Initialization
Netlist sorting complete. Time (s): cpu = 00:00:00 ; elapsed = 00:00:00 . Memory (MB): peak = 916.148 ; gain = 0.000
Netlist sorting complete. Time (s): cpu = 00:00:00 ; elapsed = 00:00:00.001 . Memory (MB): peak = 916.148 ; gain = 0.000

Phase 1.1 IO Placement/ Clock Placement/ Build Placer Device

Phase 1.1.1 ParallelPlaceIOClockAndInitTop

Phase 1.1.1.1 Pre-Place Cells
Phase 1.1.1.1 Pre-Place Cells | Checksum: 1456aaf2

Time (s): cpu = 00:00:00 ; elapsed = 00:00:00.022 . Memory (MB): peak = 916.148 ; gain = 0.000

Phase 1.1.1.2 Constructing HAPIClkRuleMgr
Phase 1.1.1.2 Constructing HAPIClkRuleMgr | Checksum: 1456aaf2

Time (s): cpu = 00:00:00 ; elapsed = 00:00:00.058 . Memory (MB): peak = 916.148 ; gain = 0.000
INFO: [Timing 38-35] Done setting XDC timing constraints.

Phase 1.1.1.3 IO and Clk Clean Up

Phase 1.1.1.3.1 Constructing HAPIClkRuleMgr
Phase 1.1.1.3.1 Constructing HAPIClkRuleMgr | Checksum: 1456aaf2

Time (s): cpu = 00:00:01 ; elapsed = 00:00:00.699 . Memory (MB): peak = 931.910 ; gain = 15.762
Phase 1.1.1.3 IO and Clk Clean Up | Checksum: 1456aaf2

Time (s): cpu = 00:00:01 ; elapsed = 00:00:00.707 . Memory (MB): peak = 931.910 ; gain = 15.762

Phase 1.1.1.4 Implementation Feasibility check On IDelay
Phase 1.1.1.4 Implementation Feasibility check On IDelay | Checksum: 1456aaf2

Time (s): cpu = 00:00:01 ; elapsed = 00:00:00.709 . Memory (MB): peak = 931.910 ; gain = 15.762

Phase 1.1.1.5 Commit IO Placement
Phase 1.1.1.5 Commit IO Placement | Checksum: 8ddc120c

Time (s): cpu = 00:00:01 ; elapsed = 00:00:00.710 . Memory (MB): peak = 931.910 ; gain = 15.762
Phase 1.1.1 ParallelPlaceIOClockAndInitTop | Checksum: 8ddc120c

Time (s): cpu = 00:00:01 ; elapsed = 00:00:00.711 . Memory (MB): peak = 931.910 ; gain = 15.762
Phase 1.1 IO Placement/ Clock Placement/ Build Placer Device | Checksum: dec5dacf

Time (s): cpu = 00:00:01 ; elapsed = 00:00:00.712 . Memory (MB): peak = 931.910 ; gain = 15.762

Phase 1.2 Build Placer Netlist Model

Phase 1.2.1 Place Init Design

Phase 1.2.1.1 Make Others
Phase 1.2.1.1 Make Others | Checksum: 18550d2a2

Time (s): cpu = 00:00:01 ; elapsed = 00:00:00.751 . Memory (MB): peak = 931.910 ; gain = 15.762
Phase 1.2.1 Place Init Design | Checksum: 12097f03e

Time (s): cpu = 00:00:01 ; elapsed = 00:00:00.754 . Memory (MB): peak = 931.910 ; gain = 15.762
Phase 1.2 Build Placer Netlist Model | Checksum: 12097f03e

Time (s): cpu = 00:00:01 ; elapsed = 00:00:00.754 . Memory (MB): peak = 931.910 ; gain = 15.762

Phase 1.3 Constrain Clocks/Macros
Phase 1.3 Constrain Clocks/Macros | Checksum: 12097f03e

Time (s): cpu = 00:00:01 ; elapsed = 00:00:00.758 . Memory (MB): peak = 931.910 ; gain = 15.762
Phase 1 Placer Initialization | Checksum: 12097f03e

Time (s): cpu = 00:00:01 ; elapsed = 00:00:00.759 . Memory (MB): peak = 931.910 ; gain = 15.762

Phase 2 Global Placement
Phase 2 Global Placement | Checksum: 101260be5

Time (s): cpu = 00:00:01 ; elapsed = 00:00:01 . Memory (MB): peak = 931.910 ; gain = 15.762

Phase 3 Detail Placement

Phase 3.1 Commit Multi Column Macros
Phase 3.1 Commit Multi Column Macros | Checksum: 101260be5

Time (s): cpu = 00:00:01 ; elapsed = 00:00:01 . Memory (MB): peak = 931.910 ; gain = 15.762

Phase 3.2 Commit Most Macros & LUTRAMs
Phase 3.2 Commit Most Macros & LUTRAMs | Checksum: 6b0609e8

Time (s): cpu = 00:00:01 ; elapsed = 00:00:01 . Memory (MB): peak = 931.910 ; gain = 15.762

Phase 3.3 Area Swap Optimization
Phase 3.3 Area Swap Optimization | Checksum: afa4a5c3

Time (s): cpu = 00:00:01 ; elapsed = 00:00:01 . Memory (MB): peak = 931.910 ; gain = 15.762

Phase 3.4 Small Shape Detail Placement
Phase 3.4 Small Shape Detail Placement | Checksum: 1382fc757

Time (s): cpu = 00:00:01 ; elapsed = 00:00:01 . Memory (MB): peak = 931.910 ; gain = 15.762

Phase 3.5 Re-assign LUT pins
Phase 3.5 Re-assign LUT pins | Checksum: 1382fc757

Time (s): cpu = 00:00:01 ; elapsed = 00:00:01 . Memory (MB): peak = 931.910 ; gain = 15.762

Phase 3.6 Pipeline Register Optimization
Phase 3.6 Pipeline Register Optimization | Checksum: 1382fc757

Time (s): cpu = 00:00:02 ; elapsed = 00:00:01 . Memory (MB): peak = 931.910 ; gain = 15.762
Phase 3 Detail Placement | Checksum: 1382fc757

Time (s): cpu = 00:00:02 ; elapsed = 00:00:01 . Memory (MB): peak = 931.910 ; gain = 15.762

Phase 4 Post Placement Optimization and Clean-Up

Phase 4.1 Post Commit Optimization
Phase 4.1 Post Commit Optimization | Checksum: 1382fc757

Time (s): cpu = 00:00:02 ; elapsed = 00:00:01 . Memory (MB): peak = 931.910 ; gain = 15.762

Phase 4.2 Sweep Clock Roots: Post-Placement
Phase 4.2 Sweep Clock Roots: Post-Placement | Checksum: 1382fc757

Time (s): cpu = 00:00:02 ; elapsed = 00:00:01 . Memory (MB): peak = 931.910 ; gain = 15.762

Phase 4.3 Post Placement Cleanup
Phase 4.3 Post Placement Cleanup | Checksum: 1382fc757

Time (s): cpu = 00:00:02 ; elapsed = 00:00:01 . Memory (MB): peak = 931.910 ; gain = 15.762

Phase 4.4 Placer Reporting
Phase 4.4 Placer Reporting | Checksum: 1382fc757

Time (s): cpu = 00:00:02 ; elapsed = 00:00:01 . Memory (MB): peak = 931.910 ; gain = 15.762

Phase 4.5 Final Placement Cleanup
Phase 4.5 Final Placement Cleanup | Checksum: 1859bf417

Time (s): cpu = 00:00:02 ; elapsed = 00:00:01 . Memory (MB): peak = 931.910 ; gain = 15.762
Phase 4 Post Placement Optimization and Clean-Up | Checksum: 1859bf417

Time (s): cpu = 00:00:02 ; elapsed = 00:00:01 . Memory (MB): peak = 931.910 ; gain = 15.762
Ending Placer Task | Checksum: 137acb4d9

Time (s): cpu = 00:00:02 ; elapsed = 00:00:01 . Memory (MB): peak = 931.910 ; gain = 15.762
INFO: [Common 17-83] Releasing license: Implementation
34 Infos, 0 Warnings, 0 Critical Warnings and 0 Errors encountered.
place_design completed successfully
Writing placer database...
Writing XDEF routing.
Writing XDEF routing logical nets.
Writing XDEF routing special nets.
Write XDEF Complete: Time (s): cpu = 00:00:00 ; elapsed = 00:00:00.105 . Memory (MB): peak = 931.910 ; gain = 0.000
report_io: Time (s): cpu = 00:00:00 ; elapsed = 00:00:00.031 . Memory (MB): peak = 931.910 ; gain = 0.000
report_utilization: Time (s): cpu = 00:00:00 ; elapsed = 00:00:00.020 . Memory (MB): peak = 931.910 ; gain = 0.000
report_control_sets: Time (s): cpu = 00:00:00 ; elapsed = 00:00:00.003 . Memory (MB): peak = 931.910 ; gain = 0.000
Command: route_design
Attempting to get a license for feature 'Implementation' and/or device 'xc7a35t'
INFO: [Common 17-349] Got license for feature 'Implementation' and/or device 'xc7a35t'
Running DRC as a precondition to command route_design
INFO: [DRC 23-27] Running DRC with 2 threads
INFO: [Vivado_Tcl 4-198] DRC finished with 0 Errors
INFO: [Vivado_Tcl 4-199] Please refer to the DRC report (report_drc) for more information.


Starting Routing Task
INFO: [Route 35-254] Multithreading enabled for route_design using a maximum of 2 CPUs
Checksum: PlaceDB: 9956bf56 ConstDB: 0 ShapeSum: 9e55f583 RouteDB: 0

Phase 1 Build RT Design
Phase 1 Build RT Design | Checksum: c0fb7bda

Time (s): cpu = 00:00:25 ; elapsed = 00:00:22 . Memory (MB): peak = 1004.676 ; gain = 72.766

Phase 2 Router Initialization
INFO: [Route 35-64] No timing constraints were detected. The router will operate in resource-optimization mode.

Phase 2.1 Fix Topology Constraints
Phase 2.1 Fix Topology Constraints | Checksum: c0fb7bda

Time (s): cpu = 00:00:25 ; elapsed = 00:00:22 . Memory (MB): peak = 1009.387 ; gain = 77.477

Phase 2.2 Pre Route Cleanup
Phase 2.2 Pre Route Cleanup | Checksum: c0fb7bda

Time (s): cpu = 00:00:25 ; elapsed = 00:00:22 . Memory (MB): peak = 1009.387 ; gain = 77.477
 Number of Nodes with overlaps = 0
Phase 2 Router Initialization | Checksum: 10948f4d9

Time (s): cpu = 00:00:25 ; elapsed = 00:00:22 . Memory (MB): peak = 1024.852 ; gain = 92.941

Phase 3 Initial Routing
Phase 3 Initial Routing | Checksum: 1b14515e7

Time (s): cpu = 00:00:25 ; elapsed = 00:00:22 . Memory (MB): peak = 1024.852 ; gain = 92.941

Phase 4 Rip-up And Reroute

Phase 4.1 Global Iteration 0
 Number of Nodes with overlaps = 34
 Number of Nodes with overlaps = 0
Phase 4.1 Global Iteration 0 | Checksum: 19970b37a

Time (s): cpu = 00:00:25 ; elapsed = 00:00:22 . Memory (MB): peak = 1024.852 ; gain = 92.941
Phase 4 Rip-up And Reroute | Checksum: 19970b37a

Time (s): cpu = 00:00:25 ; elapsed = 00:00:22 . Memory (MB): peak = 1024.852 ; gain = 92.941

Phase 5 Delay and Skew Optimization
Phase 5 Delay and Skew Optimization | Checksum: 19970b37a

Time (s): cpu = 00:00:25 ; elapsed = 00:00:22 . Memory (MB): peak = 1024.852 ; gain = 92.941

Phase 6 Post Hold Fix

Phase 6.1 Hold Fix Iter
Phase 6.1 Hold Fix Iter | Checksum: 19970b37a

Time (s): cpu = 00:00:25 ; elapsed = 00:00:22 . Memory (MB): peak = 1024.852 ; gain = 92.941
Phase 6 Post Hold Fix | Checksum: 19970b37a

Time (s): cpu = 00:00:25 ; elapsed = 00:00:22 . Memory (MB): peak = 1024.852 ; gain = 92.941

Phase 7 Route finalize

Router Utilization Summary
  Global Vertical Routing Utilization    = 0.164235 %
  Global Horizontal Routing Utilization  = 0.140161 %
  Routable Net Status*
  *Does not include unroutable nets such as driverless and loadless.
  Run report_route_status for detailed report.
  Number of Failed Nets               = 0
  Number of Unrouted Nets             = 0
  Number of Partially Routed Nets     = 0
  Number of Node Overlaps             = 0

Congestion Report
North Dir 1x1 Area, Max Cong = 16.2162%, No Congested Regions.
South Dir 1x1 Area, Max Cong = 19.8198%, No Congested Regions.
East Dir 1x1 Area, Max Cong = 29.4118%, No Congested Regions.
West Dir 1x1 Area, Max Cong = 22.0588%, No Congested Regions.
Phase 7 Route finalize | Checksum: 19970b37a

Time (s): cpu = 00:00:25 ; elapsed = 00:00:22 . Memory (MB): peak = 1024.852 ; gain = 92.941

Phase 8 Verifying routed nets

 Verification completed successfully
Phase 8 Verifying routed nets | Checksum: 19970b37a

Time (s): cpu = 00:00:25 ; elapsed = 00:00:22 . Memory (MB): peak = 1024.852 ; gain = 92.941

Phase 9 Depositing Routes
Phase 9 Depositing Routes | Checksum: 19720f16e

Time (s): cpu = 00:00:25 ; elapsed = 00:00:22 . Memory (MB): peak = 1024.852 ; gain = 92.941
INFO: [Route 35-16] Router Completed Successfully

Time (s): cpu = 00:00:25 ; elapsed = 00:00:22 . Memory (MB): peak = 1024.852 ; gain = 92.941

Routing Is Done.
INFO: [Common 17-83] Releasing license: Implementation
42 Infos, 0 Warnings, 0 Critical Warnings and 0 Errors encountered.
route_design completed successfully
route_design: Time (s): cpu = 00:00:25 ; elapsed = 00:00:23 . Memory (MB): peak = 1024.852 ; gain = 92.941
Writing placer database...
Writing XDEF routing.
Writing XDEF routing logical nets.
Writing XDEF routing special nets.
Write XDEF Complete: Time (s): cpu = 00:00:01 ; elapsed = 00:00:00.117 . Memory (MB): peak = 1024.852 ; gain = 0.000
INFO: [DRC 23-27] Running DRC with 2 threads
INFO: [Coretcl 2-168] The results of DRC are in file C:/Users/Alvin/Documents/LogicDesignLabMonday/FinalProject_105033110_ver1/FinalProject_105033110_ver1.runs/impl_1/top_drc_routed.rpt.
INFO: [Timing 38-91] UpdateTimingParams: Speed grade: -1, Delay Type: min_max.
INFO: [Timing 38-191] Multithreading enabled for timing update using a maximum of 2 CPUs
WARNING: [Timing 38-313] There are no user specified timing constraints. Timing constraints are needed for proper timing analysis.
WARNING: [Power 33-232] No user defined clocks were found in the design!
Resolution: Please specify clocks using create_clock/create_generated_clock for sequential elements. For pure combinatorial circuits, please specify a virtual clock, otherwise the vectorless estimation might be inaccurate
Running Vector-less Activity Propagation...

Finished Running Vector-less Activity Propagation
Attempting to get a license for feature 'Implementation' and/or device 'xc7a35t'
INFO: [Common 17-349] Got license for feature 'Implementation' and/or device 'xc7a35t'
Running DRC as a precondition to command write_bitstream
INFO: [DRC 23-27] Running DRC with 2 threads
WARNING: [DRC 23-20] Rule violation (CFGBVS-1) Missing CFGBVS and CONFIG_VOLTAGE Design Properties - Neither the CFGBVS nor CONFIG_VOLTAGE voltage property is set in the current_design.  Configuration bank voltage select (CFGBVS) must be set to VCCO or GND, and CONFIG_VOLTAGE must be set to the correct configuration voltage, in order to determine the I/O voltage support for the pins in bank 0.  It is suggested to specify these either using the 'Edit Device Properties' function in the GUI or directly in the XDC file using the following syntax:

 set_property CFGBVS value1 [current_design]
 #where value1 is either VCCO or GND

 set_property CONFIG_VOLTAGE value2 [current_design]
 #where value2 is the voltage provided to configuration bank 0

Refer to the device configuration user guide for more information.
INFO: [Vivado 12-3199] DRC finished with 0 Errors, 1 Warnings
INFO: [Vivado 12-3200] Please refer to the DRC report (report_drc) for more information.
INFO: [Designutils 20-2272] Running write_bitstream with 2 threads.
Loading data files...
Loading site data...
Loading route data...
Processing options...
Creating bitmap...
Creating bitstream...
Writing bitstream ./top.bit...
INFO: [Vivado 12-1842] Bitgen Completed Successfully.
INFO: [Project 1-120] WebTalk data collection is mandatory when using a WebPACK part without a full Vivado license. To see the specific WebTalk data collected for your design, open the usage_statistics_webtalk.html or usage_statistics_webtalk.xml file in the implementation directory.
INFO: [Common 17-83] Releasing license: Implementation
write_bitstream: Time (s): cpu = 00:00:14 ; elapsed = 00:00:14 . Memory (MB): peak = 1368.199 ; gain = 330.559
INFO: [Vivado_Tcl 4-395] Unable to parse hwdef file top.hwdef
INFO: [Common 17-206] Exiting Vivado at Fri Jun 26 20:43:22 2020...
