Copyright 1986-2016 Xilinx, Inc. All Rights Reserved.
---------------------------------------------------------------------------------------------
| Tool Version : Vivado v.2016.2 (win64) Build 1577090 Thu Jun  2 16:32:40 MDT 2016
| Date         : Mon Jun 01 01:40:03 2020
| Host         : DESKTOP-DC9NKE6 running 64-bit major release  (build 9200)
| Command      : report_control_sets -verbose -file electronic_organ_control_sets_placed.rpt
| Design       : electronic_organ
| Device       : xc7a35t
---------------------------------------------------------------------------------------------

Control Set Information

Table of Contents
-----------------
1. Summary
2. Flip-Flop Distribution
3. Detailed Control Set Information

1. Summary
----------

+----------------------------------------------------------+-------+
|                          Status                          | Count |
+----------------------------------------------------------+-------+
| Number of unique control sets                            |    12 |
| Unused register locations in slices containing registers |    54 |
+----------------------------------------------------------+-------+


2. Flip-Flop Distribution
-------------------------

+--------------+-----------------------+------------------------+-----------------+--------------+
| Clock Enable | Synchronous Set/Reset | Asynchronous Set/Reset | Total Registers | Total Slices |
+--------------+-----------------------+------------------------+-----------------+--------------+
| No           | No                    | No                     |               2 |            1 |
| No           | No                    | Yes                    |             115 |           48 |
| No           | Yes                   | No                     |               0 |            0 |
| Yes          | No                    | No                     |               0 |            0 |
| Yes          | No                    | Yes                    |              53 |           18 |
| Yes          | Yes                   | No                     |               0 |            0 |
+--------------+-----------------------+------------------------+-----------------+--------------+


3. Detailed Control Set Information
-----------------------------------

+----------------+--------------------------------------------+--------------------------------+------------------+----------------+
|  Clock Signal  |                Enable Signal               |        Set/Reset Signal        | Slice Load Count | Bel Load Count |
+----------------+--------------------------------------------+--------------------------------+------------------+----------------+
|  clk_IBUF_BUFG | U_KD/inst/Ps2Interface_i/ps2_clk_s1        | U_KD/inst/Ps2Interface_i/AR[0] |                1 |              1 |
|  clk_IBUF_BUFG | U_KD/inst/Ps2Interface_i/ps2_data_s1       | U_KD/inst/Ps2Interface_i/AR[0] |                1 |              1 |
|  U_cg/CLK      |                                            | U_KD/inst/Ps2Interface_i/AR[0] |                2 |              2 |
|  clk_IBUF_BUFG |                                            |                                |                1 |              2 |
|  Usc/p_0_in    |                                            | U_KD/inst/Ps2Interface_i/AR[0] |                2 |              3 |
|  clk_IBUF_BUFG | U_KD/inst/Ps2Interface_i/bits_count        | U_KD/inst/Ps2Interface_i/AR[0] |                2 |              4 |
|  clk_IBUF_BUFG | U_KD/inst/Ps2Interface_i/rx_finish         | U_KD/inst/Ps2Interface_i/AR[0] |                1 |              8 |
|  clk_IBUF_BUFG | U_KD/inst/Ps2Interface_i/rx_valid          | U_KD/inst/Ps2Interface_i/AR[0] |                2 |              8 |
|  clk_IBUF_BUFG | U_KD/inst/E[0]                             | U_KD/inst/Ps2Interface_i/AR[0] |                3 |             10 |
|  clk_IBUF_BUFG | U_KD/pulse_been_ready                      | U_KD/inst/Ps2Interface_i/AR[0] |                4 |             10 |
|  clk_IBUF_BUFG | U_KD/inst/Ps2Interface_i/frame[10]_i_1_n_0 | U_KD/inst/Ps2Interface_i/AR[0] |                4 |             11 |
|  clk_IBUF_BUFG |                                            | U_KD/inst/Ps2Interface_i/AR[0] |               44 |            110 |
+----------------+--------------------------------------------+--------------------------------+------------------+----------------+


