Copyright 1986-2016 Xilinx, Inc. All Rights Reserved.
-------------------------------------------------------------------------------------------
| Tool Version : Vivado v.2016.2 (win64) Build 1577090 Thu Jun  2 16:32:40 MDT 2016
| Date         : Mon Jun 01 01:44:04 2020
| Host         : DESKTOP-DC9NKE6 running 64-bit major release  (build 9200)
| Command      : report_control_sets -verbose -file electric_organ_control_sets_placed.rpt
| Design       : electric_organ
| Device       : xc7a35t
-------------------------------------------------------------------------------------------

Control Set Information

Table of Contents
-----------------
1. Summary
2. Flip-Flop Distribution
3. Detailed Control Set Information

1. Summary
----------

+----------------------------------------------------------+-------+
|                          Status                          | Count |
+----------------------------------------------------------+-------+
| Number of unique control sets                            |     3 |
| Unused register locations in slices containing registers |    13 |
+----------------------------------------------------------+-------+


2. Flip-Flop Distribution
-------------------------

+--------------+-----------------------+------------------------+-----------------+--------------+
| Clock Enable | Synchronous Set/Reset | Asynchronous Set/Reset | Total Registers | Total Slices |
+--------------+-----------------------+------------------------+-----------------+--------------+
| No           | No                    | No                     |               0 |            0 |
| No           | No                    | Yes                    |              67 |           21 |
| No           | Yes                   | No                     |               0 |            0 |
| Yes          | No                    | No                     |               0 |            0 |
| Yes          | No                    | Yes                    |               0 |            0 |
| Yes          | Yes                   | No                     |               0 |            0 |
+--------------+-----------------------+------------------------+-----------------+--------------+


3. Detailed Control Set Information
-----------------------------------

+-------------------+---------------+-------------------------+------------------+----------------+
|    Clock Signal   | Enable Signal |     Set/Reset Signal    | Slice Load Count | Bel Load Count |
+-------------------+---------------+-------------------------+------------------+----------------+
|  Usc/p_0_in       |               | U_cg/count_50M_reg[0]_0 |                1 |              3 |
|  U_cg/freq_reg[3] |               | U_cg/count_50M_reg[0]_0 |                2 |              4 |
|  clk_IBUF_BUFG    |               | U_cg/count_50M_reg[0]_0 |               18 |             60 |
+-------------------+---------------+-------------------------+------------------+----------------+


