
*** Running vivado
    with args -log stopwatch.vds -m64 -mode batch -messageDb vivado.pb -notrace -source stopwatch.tcl


****** Vivado v2016.2 (64-bit)
  **** SW Build 1577090 on Thu Jun  2 16:32:40 MDT 2016
  **** IP Build 1577682 on Fri Jun  3 12:00:54 MDT 2016
    ** Copyright 1986-2016 Xilinx, Inc. All Rights Reserved.

source stopwatch.tcl -notrace
Command: synth_design -top stopwatch -part xc7a35tcpg236-1
Starting synth_design
Attempting to get a license for feature 'Synthesis' and/or device 'xc7a35t'
INFO: [Common 17-349] Got license for feature 'Synthesis' and/or device 'xc7a35t'
INFO: Launching helper process for spawning children vivado processes
INFO: Helper process launched with PID 13084 
---------------------------------------------------------------------------------
Starting RTL Elaboration : Time (s): cpu = 00:00:04 ; elapsed = 00:00:06 . Memory (MB): peak = 274.133 ; gain = 67.660
---------------------------------------------------------------------------------
INFO: [Synth 8-638] synthesizing module 'stopwatch' [C:/Users/Alvin/Documents/LogicDesignLabMonday/lab5_1_1_105033110_ver1/lab5_1_1_105033110_ver1.srcs/sources_1/new/stopwatch.v:3]
INFO: [Synth 8-638] synthesizing module 'clock_generator' [C:/Users/Alvin/Documents/LogicDesignLabMonday/lab5_1_1_105033110_ver1/lab5_1_1_105033110_ver1.srcs/sources_1/new/clock_generator.v:3]
INFO: [Synth 8-256] done synthesizing module 'clock_generator' (1#1) [C:/Users/Alvin/Documents/LogicDesignLabMonday/lab5_1_1_105033110_ver1/lab5_1_1_105033110_ver1.srcs/sources_1/new/clock_generator.v:3]
INFO: [Synth 8-638] synthesizing module 'downcounter_2d' [C:/Users/Alvin/Documents/LogicDesignLabMonday/lab5_1_1_105033110_ver1/lab5_1_1_105033110_ver1.srcs/sources_1/new/downcounter_2d.v:3]
INFO: [Synth 8-638] synthesizing module 'downcounter' [C:/Users/Alvin/Documents/LogicDesignLabMonday/lab5_1_1_105033110_ver1/lab5_1_1_105033110_ver1.srcs/sources_1/new/downcounter.v:3]
WARNING: [Synth 8-5788] Register value_reg in module downcounter is has both Set and reset with same priority. This may cause simulation mismatches. Consider rewriting code  [C:/Users/Alvin/Documents/LogicDesignLabMonday/lab5_1_1_105033110_ver1/lab5_1_1_105033110_ver1.srcs/sources_1/new/downcounter.v:50]
INFO: [Synth 8-256] done synthesizing module 'downcounter' (2#1) [C:/Users/Alvin/Documents/LogicDesignLabMonday/lab5_1_1_105033110_ver1/lab5_1_1_105033110_ver1.srcs/sources_1/new/downcounter.v:3]
INFO: [Synth 8-256] done synthesizing module 'downcounter_2d' (3#1) [C:/Users/Alvin/Documents/LogicDesignLabMonday/lab5_1_1_105033110_ver1/lab5_1_1_105033110_ver1.srcs/sources_1/new/downcounter_2d.v:3]
INFO: [Synth 8-638] synthesizing module 'scan_ctl' [C:/Users/Alvin/Documents/LogicDesignLabMonday/lab5_1_1_105033110_ver1/lab5_1_1_105033110_ver1.srcs/sources_1/new/scan_ctl.v:3]
INFO: [Synth 8-226] default block is never used [C:/Users/Alvin/Documents/LogicDesignLabMonday/lab5_1_1_105033110_ver1/lab5_1_1_105033110_ver1.srcs/sources_1/new/scan_ctl.v:23]
WARNING: [Synth 8-567] referenced signal 'in3' should be on the sensitivity list [C:/Users/Alvin/Documents/LogicDesignLabMonday/lab5_1_1_105033110_ver1/lab5_1_1_105033110_ver1.srcs/sources_1/new/scan_ctl.v:22]
WARNING: [Synth 8-567] referenced signal 'in2' should be on the sensitivity list [C:/Users/Alvin/Documents/LogicDesignLabMonday/lab5_1_1_105033110_ver1/lab5_1_1_105033110_ver1.srcs/sources_1/new/scan_ctl.v:22]
WARNING: [Synth 8-567] referenced signal 'in1' should be on the sensitivity list [C:/Users/Alvin/Documents/LogicDesignLabMonday/lab5_1_1_105033110_ver1/lab5_1_1_105033110_ver1.srcs/sources_1/new/scan_ctl.v:22]
WARNING: [Synth 8-567] referenced signal 'in0' should be on the sensitivity list [C:/Users/Alvin/Documents/LogicDesignLabMonday/lab5_1_1_105033110_ver1/lab5_1_1_105033110_ver1.srcs/sources_1/new/scan_ctl.v:22]
INFO: [Synth 8-256] done synthesizing module 'scan_ctl' (4#1) [C:/Users/Alvin/Documents/LogicDesignLabMonday/lab5_1_1_105033110_ver1/lab5_1_1_105033110_ver1.srcs/sources_1/new/scan_ctl.v:3]
INFO: [Synth 8-638] synthesizing module 'display' [C:/Users/Alvin/Documents/LogicDesignLabMonday/lab5_1_1_105033110_ver1/lab5_1_1_105033110_ver1.srcs/sources_1/new/display.v:3]
INFO: [Synth 8-256] done synthesizing module 'display' (5#1) [C:/Users/Alvin/Documents/LogicDesignLabMonday/lab5_1_1_105033110_ver1/lab5_1_1_105033110_ver1.srcs/sources_1/new/display.v:3]
INFO: [Synth 8-256] done synthesizing module 'stopwatch' (6#1) [C:/Users/Alvin/Documents/LogicDesignLabMonday/lab5_1_1_105033110_ver1/lab5_1_1_105033110_ver1.srcs/sources_1/new/stopwatch.v:3]
---------------------------------------------------------------------------------
Finished RTL Elaboration : Time (s): cpu = 00:00:05 ; elapsed = 00:00:07 . Memory (MB): peak = 310.617 ; gain = 104.145
---------------------------------------------------------------------------------

Report Check Netlist: 
+------+------------------+-------+---------+-------+------------------+
|      |Item              |Errors |Warnings |Status |Description       |
+------+------------------+-------+---------+-------+------------------+
|1     |multi_driven_nets |      0|        0|Passed |Multi driven nets |
+------+------------------+-------+---------+-------+------------------+
---------------------------------------------------------------------------------
Finished RTL Optimization Phase 1 : Time (s): cpu = 00:00:05 ; elapsed = 00:00:07 . Memory (MB): peak = 310.617 ; gain = 104.145
---------------------------------------------------------------------------------
INFO: [Device 21-403] Loading part xc7a35tcpg236-1
INFO: [Project 1-570] Preparing netlist for logic optimization

Processing XDC Constraints
Initializing timing engine
Parsing XDC File [C:/Users/Alvin/Documents/LogicDesignLabMonday/lab5_1_1_105033110_ver1/lab5_1_1_105033110_ver1.srcs/constrs_1/new/stopwatch.xdc]
Finished Parsing XDC File [C:/Users/Alvin/Documents/LogicDesignLabMonday/lab5_1_1_105033110_ver1/lab5_1_1_105033110_ver1.srcs/constrs_1/new/stopwatch.xdc]
INFO: [Project 1-236] Implementation specific constraints were found while reading constraint file [C:/Users/Alvin/Documents/LogicDesignLabMonday/lab5_1_1_105033110_ver1/lab5_1_1_105033110_ver1.srcs/constrs_1/new/stopwatch.xdc]. These constraints will be ignored for synthesis but will be used in implementation. Impacted constraints are listed in the file [.Xil/stopwatch_propImpl.xdc].
Resolution: To avoid this warning, move constraints listed in [.Xil/stopwatch_propImpl.xdc] to another XDC file and exclude this new file from synthesis with the used_in_synthesis property (File Properties dialog in GUI) and re-run elaboration/synthesis.
Completed Processing XDC Constraints

INFO: [Project 1-111] Unisim Transformation Summary:
No Unisim elements were transformed.

Constraint Validation Runtime : Time (s): cpu = 00:00:00 ; elapsed = 00:00:00.002 . Memory (MB): peak = 595.254 ; gain = 0.000
---------------------------------------------------------------------------------
Finished Constraint Validation : Time (s): cpu = 00:00:13 ; elapsed = 00:00:16 . Memory (MB): peak = 595.254 ; gain = 388.781
---------------------------------------------------------------------------------
---------------------------------------------------------------------------------
Start Loading Part and Timing Information
---------------------------------------------------------------------------------
Loading part: xc7a35tcpg236-1
---------------------------------------------------------------------------------
Finished Loading Part and Timing Information : Time (s): cpu = 00:00:13 ; elapsed = 00:00:16 . Memory (MB): peak = 595.254 ; gain = 388.781
---------------------------------------------------------------------------------
---------------------------------------------------------------------------------
Start Applying 'set_property' XDC Constraints
---------------------------------------------------------------------------------
---------------------------------------------------------------------------------
Finished applying 'set_property' XDC Constraints : Time (s): cpu = 00:00:13 ; elapsed = 00:00:16 . Memory (MB): peak = 595.254 ; gain = 388.781
---------------------------------------------------------------------------------
INFO: [Synth 8-5545] ROM "clk_1_next" won't be mapped to RAM because address size (26) is larger than maximum supported(25)
---------------------------------------------------------------------------------
Finished RTL Optimization Phase 2 : Time (s): cpu = 00:00:13 ; elapsed = 00:00:16 . Memory (MB): peak = 595.254 ; gain = 388.781
---------------------------------------------------------------------------------

Report RTL Partitions: 
+-+--------------+------------+----------+
| |RTL Partition |Replication |Instances |
+-+--------------+------------+----------+
+-+--------------+------------+----------+
---------------------------------------------------------------------------------
Start RTL Component Statistics 
---------------------------------------------------------------------------------
Detailed RTL Component Info : 
+---Adders : 
	   2 Input     26 Bit       Adders := 1     
	   2 Input     17 Bit       Adders := 1     
	   2 Input      4 Bit       Adders := 2     
+---Registers : 
	               26 Bit    Registers := 1     
	               15 Bit    Registers := 1     
	                4 Bit    Registers := 2     
	                2 Bit    Registers := 1     
	                1 Bit    Registers := 1     
+---Muxes : 
	   2 Input     26 Bit        Muxes := 1     
	  11 Input      8 Bit        Muxes := 1     
	   2 Input      4 Bit        Muxes := 8     
	   4 Input      4 Bit        Muxes := 2     
	   2 Input      1 Bit        Muxes := 5     
---------------------------------------------------------------------------------
Finished RTL Component Statistics 
---------------------------------------------------------------------------------
---------------------------------------------------------------------------------
Start RTL Hierarchical Component Statistics 
---------------------------------------------------------------------------------
Hierarchical RTL Component report 
Module clock_generator 
Detailed RTL Component Info : 
+---Adders : 
	   2 Input     26 Bit       Adders := 1     
	   2 Input     17 Bit       Adders := 1     
+---Registers : 
	               26 Bit    Registers := 1     
	               15 Bit    Registers := 1     
	                2 Bit    Registers := 1     
	                1 Bit    Registers := 1     
+---Muxes : 
	   2 Input     26 Bit        Muxes := 1     
	   2 Input      1 Bit        Muxes := 1     
Module downcounter 
Detailed RTL Component Info : 
+---Adders : 
	   2 Input      4 Bit       Adders := 1     
+---Registers : 
	                4 Bit    Registers := 1     
+---Muxes : 
	   2 Input      4 Bit        Muxes := 4     
	   2 Input      1 Bit        Muxes := 2     
Module scan_ctl 
Detailed RTL Component Info : 
+---Muxes : 
	   4 Input      4 Bit        Muxes := 2     
Module display 
Detailed RTL Component Info : 
+---Muxes : 
	  11 Input      8 Bit        Muxes := 1     
---------------------------------------------------------------------------------
Finished RTL Hierarchical Component Statistics
---------------------------------------------------------------------------------
---------------------------------------------------------------------------------
Start Part Resource Summary
---------------------------------------------------------------------------------
Part Resources:
DSPs: 90 (col length:60)
BRAMs: 100 (col length: RAMB18 60 RAMB36 30)
---------------------------------------------------------------------------------
Finished Part Resource Summary
---------------------------------------------------------------------------------
Start Parallel Synthesis Optimization  : Time (s): cpu = 00:00:13 ; elapsed = 00:00:17 . Memory (MB): peak = 595.254 ; gain = 388.781
---------------------------------------------------------------------------------
Start Cross Boundary Optimization
---------------------------------------------------------------------------------
INFO: [Synth 8-5545] ROM "U_CG/clk_1_next" won't be mapped to RAM because address size (26) is larger than maximum supported(25)
WARNING: [Synth 8-3917] design stopwatch has port segs[0] driven by constant 1
---------------------------------------------------------------------------------
Finished Cross Boundary Optimization : Time (s): cpu = 00:00:13 ; elapsed = 00:00:17 . Memory (MB): peak = 595.254 ; gain = 388.781
---------------------------------------------------------------------------------
Finished Parallel Reinference  : Time (s): cpu = 00:00:13 ; elapsed = 00:00:17 . Memory (MB): peak = 595.254 ; gain = 388.781

Report RTL Partitions: 
+-+--------------+------------+----------+
| |RTL Partition |Replication |Instances |
+-+--------------+------------+----------+
+-+--------------+------------+----------+
---------------------------------------------------------------------------------
Start Area Optimization
---------------------------------------------------------------------------------
---------------------------------------------------------------------------------
Finished Area Optimization : Time (s): cpu = 00:00:14 ; elapsed = 00:00:17 . Memory (MB): peak = 595.254 ; gain = 388.781
---------------------------------------------------------------------------------
Finished Parallel Area Optimization  : Time (s): cpu = 00:00:14 ; elapsed = 00:00:17 . Memory (MB): peak = 595.254 ; gain = 388.781

Report RTL Partitions: 
+-+--------------+------------+----------+
| |RTL Partition |Replication |Instances |
+-+--------------+------------+----------+
+-+--------------+------------+----------+
---------------------------------------------------------------------------------
Start Timing Optimization
---------------------------------------------------------------------------------
---------------------------------------------------------------------------------
Start Applying XDC Timing Constraints
---------------------------------------------------------------------------------
---------------------------------------------------------------------------------
Finished Applying XDC Timing Constraints : Time (s): cpu = 00:00:22 ; elapsed = 00:00:26 . Memory (MB): peak = 595.254 ; gain = 388.781
---------------------------------------------------------------------------------
---------------------------------------------------------------------------------
Finished Timing Optimization : Time (s): cpu = 00:00:22 ; elapsed = 00:00:26 . Memory (MB): peak = 595.254 ; gain = 388.781
---------------------------------------------------------------------------------

Report RTL Partitions: 
+-+--------------+------------+----------+
| |RTL Partition |Replication |Instances |
+-+--------------+------------+----------+
+-+--------------+------------+----------+
---------------------------------------------------------------------------------
Start Technology Mapping
---------------------------------------------------------------------------------
---------------------------------------------------------------------------------
Finished Technology Mapping : Time (s): cpu = 00:00:22 ; elapsed = 00:00:26 . Memory (MB): peak = 595.254 ; gain = 388.781
---------------------------------------------------------------------------------
Finished Parallel Technology Mapping Optimization  : Time (s): cpu = 00:00:22 ; elapsed = 00:00:26 . Memory (MB): peak = 595.254 ; gain = 388.781

Report RTL Partitions: 
+-+--------------+------------+----------+
| |RTL Partition |Replication |Instances |
+-+--------------+------------+----------+
+-+--------------+------------+----------+
Finished Parallel Synthesis Optimization  : Time (s): cpu = 00:00:22 ; elapsed = 00:00:26 . Memory (MB): peak = 595.254 ; gain = 388.781
---------------------------------------------------------------------------------
Start IO Insertion
---------------------------------------------------------------------------------
---------------------------------------------------------------------------------
Start Flattening Before IO Insertion
---------------------------------------------------------------------------------
---------------------------------------------------------------------------------
Finished Flattening Before IO Insertion
---------------------------------------------------------------------------------
---------------------------------------------------------------------------------
Start Final Netlist Cleanup
---------------------------------------------------------------------------------
---------------------------------------------------------------------------------
Finished Final Netlist Cleanup
---------------------------------------------------------------------------------
---------------------------------------------------------------------------------
Finished IO Insertion : Time (s): cpu = 00:00:23 ; elapsed = 00:00:26 . Memory (MB): peak = 595.254 ; gain = 388.781
---------------------------------------------------------------------------------

Report Check Netlist: 
+------+------------------+-------+---------+-------+------------------+
|      |Item              |Errors |Warnings |Status |Description       |
+------+------------------+-------+---------+-------+------------------+
|1     |multi_driven_nets |      0|        0|Passed |Multi driven nets |
+------+------------------+-------+---------+-------+------------------+
---------------------------------------------------------------------------------
Start Renaming Generated Instances
---------------------------------------------------------------------------------
---------------------------------------------------------------------------------
Finished Renaming Generated Instances : Time (s): cpu = 00:00:23 ; elapsed = 00:00:26 . Memory (MB): peak = 595.254 ; gain = 388.781
---------------------------------------------------------------------------------

Report RTL Partitions: 
+-+--------------+------------+----------+
| |RTL Partition |Replication |Instances |
+-+--------------+------------+----------+
+-+--------------+------------+----------+
---------------------------------------------------------------------------------
Start Rebuilding User Hierarchy
---------------------------------------------------------------------------------
---------------------------------------------------------------------------------
Finished Rebuilding User Hierarchy : Time (s): cpu = 00:00:23 ; elapsed = 00:00:26 . Memory (MB): peak = 595.254 ; gain = 388.781
---------------------------------------------------------------------------------
---------------------------------------------------------------------------------
Start Renaming Generated Ports
---------------------------------------------------------------------------------
---------------------------------------------------------------------------------
Finished Renaming Generated Ports : Time (s): cpu = 00:00:23 ; elapsed = 00:00:26 . Memory (MB): peak = 595.254 ; gain = 388.781
---------------------------------------------------------------------------------
---------------------------------------------------------------------------------
Start Handling Custom Attributes
---------------------------------------------------------------------------------
---------------------------------------------------------------------------------
Finished Handling Custom Attributes : Time (s): cpu = 00:00:23 ; elapsed = 00:00:26 . Memory (MB): peak = 595.254 ; gain = 388.781
---------------------------------------------------------------------------------
---------------------------------------------------------------------------------
Start Renaming Generated Nets
---------------------------------------------------------------------------------
---------------------------------------------------------------------------------
Finished Renaming Generated Nets : Time (s): cpu = 00:00:23 ; elapsed = 00:00:26 . Memory (MB): peak = 595.254 ; gain = 388.781
---------------------------------------------------------------------------------
---------------------------------------------------------------------------------
Start Writing Synthesis Report
---------------------------------------------------------------------------------

Report BlackBoxes: 
+-+--------------+----------+
| |BlackBox name |Instances |
+-+--------------+----------+
+-+--------------+----------+

Report Cell Usage: 
+------+-------+------+
|      |Cell   |Count |
+------+-------+------+
|1     |BUFG   |     1|
|2     |CARRY4 |    11|
|3     |LUT1   |    44|
|4     |LUT2   |    32|
|5     |LUT3   |     2|
|6     |LUT4   |    18|
|7     |LUT6   |     6|
|8     |FDCE   |    50|
|9     |FDPE   |     2|
|10    |IBUF   |     2|
|11    |OBUF   |    12|
+------+-------+------+

Report Instance Areas: 
+------+---------+----------------+------+
|      |Instance |Module          |Cells |
+------+---------+----------------+------+
|1     |top      |                |   180|
|2     |  U_CG   |clock_generator |   146|
|3     |  U_sw   |downcounter_2d  |    19|
|4     |    Udc0 |downcounter     |    11|
|5     |    Udc1 |downcounter_0   |     8|
+------+---------+----------------+------+
---------------------------------------------------------------------------------
Finished Writing Synthesis Report : Time (s): cpu = 00:00:23 ; elapsed = 00:00:26 . Memory (MB): peak = 595.254 ; gain = 388.781
---------------------------------------------------------------------------------
Synthesis finished with 0 errors, 0 critical warnings and 1 warnings.
Synthesis Optimization Runtime : Time (s): cpu = 00:00:13 ; elapsed = 00:00:18 . Memory (MB): peak = 595.254 ; gain = 104.145
Synthesis Optimization Complete : Time (s): cpu = 00:00:23 ; elapsed = 00:00:27 . Memory (MB): peak = 595.254 ; gain = 388.781
INFO: [Project 1-571] Translating synthesized netlist
INFO: [Netlist 29-17] Analyzing 13 Unisim elements for replacement
INFO: [Netlist 29-28] Unisim Transformation completed in 0 CPU seconds
INFO: [Project 1-570] Preparing netlist for logic optimization
INFO: [Opt 31-138] Pushed 0 inverter(s) to 0 load pin(s).
INFO: [Project 1-111] Unisim Transformation Summary:
No Unisim elements were transformed.

INFO: [Common 17-83] Releasing license: Synthesis
27 Infos, 6 Warnings, 0 Critical Warnings and 0 Errors encountered.
synth_design completed successfully
synth_design: Time (s): cpu = 00:00:23 ; elapsed = 00:00:25 . Memory (MB): peak = 595.254 ; gain = 388.781
report_utilization: Time (s): cpu = 00:00:00 ; elapsed = 00:00:00.013 . Memory (MB): peak = 595.254 ; gain = 0.000
INFO: [Common 17-206] Exiting Vivado at Sat Apr 18 02:17:36 2020...
